{"error":"FedEx API error: 422 - {\"transactionId\":\"ef5dbeb7-f6fb-40f4-b5a2-825283b95b9a\",\"errors\":[{\"code\":\"INVALID.INPUT.EXCEPTION\",\"message\":\"Invalid field value in the input\"}]}","level":"error","message":"FedEx cancel shipment error","stack":"Error: FedEx API error: 422 - {\"transactionId\":\"ef5dbeb7-f6fb-40f4-b5a2-825283b95b9a\",\"errors\":[{\"code\":\"INVALID.INPUT.EXCEPTION\",\"message\":\"Invalid field value in the input\"}]}\n    at FedExAdapter.makeRequest (/Users/mac/Desktop/Ezhalha/Ezhalha-Logistics-Platform/server/integrations/fedex.ts:521:23)\n    at process.processTicksAndRejections (node:internal/process/task_queues:105:5)\n    at async FedExAdapter.cancelShipment (/Users/mac/Desktop/Ezhalha/Ezhalha-Logistics-Platform/server/integrations/fedex.ts:1640:7)\n    at async <anonymous> (/Users/mac/Desktop/Ezhalha/Ezhalha-Logistics-Platform/server/routes.ts:3120:11)","timestamp":"2026-05-03T21:00:03.144Z"}
{"level":"info","message":"Registered carrier adapter: FedEx (FEDEX) - configured: true","timestamp":"2026-05-03T21:00:43.073Z"}
{"level":"info","message":"Registered carrier adapter: FedEx (FEDEX) - configured: true","timestamp":"2026-05-03T21:00:43.075Z"}
{"level":"info","message":"Registered carrier adapter: DHL (DHL) - configured: true","timestamp":"2026-05-03T21:00:43.076Z"}
{"level":"info","message":"Registered carrier adapter: FedEx (FEDEX) - configured: true","timestamp":"2026-05-03T21:00:43.073Z"}
{"level":"info","message":"Registered carrier adapter: FedEx (FEDEX) - configured: true","timestamp":"2026-05-03T21:00:43.075Z"}
{"level":"info","message":"Registered carrier adapter: DHL (DHL) - configured: true","timestamp":"2026-05-03T21:00:43.075Z"}
{"level":"info","message":"Registered carrier adapter: FedEx (FEDEX) - configured: true","timestamp":"2026-05-03T21:00:43.073Z"}
{"level":"info","message":"Registered carrier adapter: FedEx (FEDEX) - configured: true","timestamp":"2026-05-03T21:00:43.080Z"}
{"level":"info","message":"Registered carrier adapter: DHL (DHL) - configured: true","timestamp":"2026-05-03T21:00:43.081Z"}
{"level":"info","message":"Registered carrier adapter: FedEx (FEDEX) - configured: true","timestamp":"2026-05-03T21:00:43.073Z"}
{"level":"info","message":"Registered carrier adapter: FedEx (FEDEX) - configured: true","timestamp":"2026-05-03T21:00:43.075Z"}
{"level":"info","message":"Registered carrier adapter: DHL (DHL) - configured: true","timestamp":"2026-05-03T21:00:43.076Z"}
{"level":"info","message":"Starting credit reminder scheduler (hourly)","timestamp":"2026-05-03T21:00:45.197Z"}
{"level":"info","message":"Starting credit invoice reminder processing...","timestamp":"2026-05-03T21:01:15.199Z"}
{"level":"info","message":"Found 0 credit invoices due for reminder","timestamp":"2026-05-03T21:01:15.208Z"}
{"level":"info","message":"Credit invoice reminder processing completed","timestamp":"2026-05-03T21:01:15.208Z"}
{"level":"info","message":"Starting credit invoice reminder processing...","timestamp":"2026-05-03T22:12:25.642Z"}
{"level":"info","message":"Cleared expired idempotency records","timestamp":"2026-05-03T22:12:25.707Z"}
{"level":"info","message":"Found 0 credit invoices due for reminder","timestamp":"2026-05-03T22:12:25.713Z"}
{"level":"info","message":"Credit invoice reminder processing completed","timestamp":"2026-05-03T22:12:25.714Z"}
{"level":"info","message":"Starting credit invoice reminder processing...","timestamp":"2026-05-03T23:49:12.507Z"}
{"level":"info","message":"Cleared expired idempotency records","timestamp":"2026-05-03T23:49:12.560Z"}
{"level":"info","message":"Found 0 credit invoices due for reminder","timestamp":"2026-05-03T23:49:12.566Z"}
{"level":"info","message":"Credit invoice reminder processing completed","timestamp":"2026-05-03T23:49:12.567Z"}
{"level":"info","message":"Starting credit invoice reminder processing...","timestamp":"2026-05-04T01:49:33.965Z"}
{"level":"info","message":"Cleared expired idempotency records","timestamp":"2026-05-04T01:49:34.001Z"}
{"level":"info","message":"Found 0 credit invoices due for reminder","timestamp":"2026-05-04T01:49:34.002Z"}
{"level":"info","message":"Credit invoice reminder processing completed","timestamp":"2026-05-04T01:49:34.002Z"}
{"level":"info","message":"Registered carrier adapter: FedEx (FEDEX) - configured: true","timestamp":"2026-05-04T01:56:00.270Z"}
{"level":"info","message":"Registered carrier adapter: FedEx (FEDEX) - configured: true","timestamp":"2026-05-04T01:56:00.273Z"}
{"level":"info","message":"Registered carrier adapter: DHL (DHL) - configured: true","timestamp":"2026-05-04T01:56:00.273Z"}
{"level":"info","message":"Registered carrier adapter: FedEx (FEDEX) - configured: true","timestamp":"2026-05-04T01:56:00.270Z"}
{"level":"info","message":"Registered carrier adapter: FedEx (FEDEX) - configured: true","timestamp":"2026-05-04T01:56:00.273Z"}
{"level":"info","message":"Registered carrier adapter: DHL (DHL) - configured: true","timestamp":"2026-05-04T01:56:00.273Z"}
{"level":"info","message":"Registered carrier adapter: FedEx (FEDEX) - configured: true","timestamp":"2026-05-04T01:56:00.270Z"}
{"level":"info","message":"Registered carrier adapter: FedEx (FEDEX) - configured: true","timestamp":"2026-05-04T01:56:00.272Z"}
{"level":"info","message":"Registered carrier adapter: DHL (DHL) - configured: true","timestamp":"2026-05-04T01:56:00.273Z"}
{"level":"info","message":"Registered carrier adapter: FedEx (FEDEX) - configured: true","timestamp":"2026-05-04T01:56:00.270Z"}
{"level":"info","message":"Registered carrier adapter: FedEx (FEDEX) - configured: true","timestamp":"2026-05-04T01:56:00.273Z"}
{"level":"info","message":"Registered carrier adapter: DHL (DHL) - configured: true","timestamp":"2026-05-04T01:56:00.273Z"}
{"level":"info","message":"Starting credit reminder scheduler (hourly)","timestamp":"2026-05-04T01:56:05.353Z"}
{"level":"info","message":"Starting credit invoice reminder processing...","timestamp":"2026-05-04T01:56:35.356Z"}
{"level":"info","message":"Found 0 credit invoices due for reminder","timestamp":"2026-05-04T01:56:35.368Z"}
{"level":"info","message":"Credit invoice reminder processing completed","timestamp":"2026-05-04T01:56:35.369Z"}
{"level":"info","message":"Registered carrier adapter: FedEx (FEDEX) - configured: true","timestamp":"2026-05-04T01:56:54.252Z"}
{"level":"info","message":"Registered carrier adapter: FedEx (FEDEX) - configured: true","timestamp":"2026-05-04T01:56:54.255Z"}
{"level":"info","message":"Registered carrier adapter: DHL (DHL) - configured: true","timestamp":"2026-05-04T01:56:54.255Z"}
{"level":"info","message":"Registered carrier adapter: FedEx (FEDEX) - configured: true","timestamp":"2026-05-04T01:56:54.254Z"}
{"level":"info","message":"Registered carrier adapter: FedEx (FEDEX) - configured: true","timestamp":"2026-05-04T01:56:54.256Z"}
{"level":"info","message":"Registered carrier adapter: DHL (DHL) - configured: true","timestamp":"2026-05-04T01:56:54.257Z"}
{"level":"info","message":"Registered carrier adapter: FedEx (FEDEX) - configured: true","timestamp":"2026-05-04T01:56:54.421Z"}
{"level":"info","message":"Registered carrier adapter: FedEx (FEDEX) - configured: true","timestamp":"2026-05-04T01:56:54.423Z"}
{"level":"info","message":"Registered carrier adapter: DHL (DHL) - configured: true","timestamp":"2026-05-04T01:56:54.423Z"}
{"level":"info","message":"Registered carrier adapter: FedEx (FEDEX) - configured: true","timestamp":"2026-05-04T01:56:54.252Z"}
{"level":"info","message":"Registered carrier adapter: FedEx (FEDEX) - configured: true","timestamp":"2026-05-04T01:56:54.254Z"}
{"level":"info","message":"Registered carrier adapter: DHL (DHL) - configured: true","timestamp":"2026-05-04T01:56:54.254Z"}
{"level":"info","message":"Starting credit reminder scheduler (hourly)","timestamp":"2026-05-04T01:56:57.686Z"}
{"level":"info","message":"FedEx getRates: calling real API (baseUrl: https://apis-sandbox.fedex.com)","timestamp":"2026-05-04T01:57:17.030Z"}
{"level":"info","message":"FedEx rate attempt: service=FEDEX_INTERNATIONAL_PRIORITY packaging=FEDEX_10KG_BOX","timestamp":"2026-05-04T01:57:18.869Z"}
{"level":"info","message":"FedEx rate failed with service=FEDEX_INTERNATIONAL_PRIORITY packaging=FEDEX_10KG_BOX, trying next combo: FedEx API error: 500 - {\"transactionId\":\"d316fe8a-391e-4a89-be85-c53a13b9791d\",\"errors\":[{\"code\":\"SY","timestamp":"2026-05-04T01:57:19.383Z"}
{"level":"info","message":"FedEx rate attempt: service=FEDEX_INTERNATIONAL_PRIORITY packaging=FEDEX_25KG_BOX","timestamp":"2026-05-04T01:57:19.383Z"}
{"level":"info","message":"FedEx rate failed with service=FEDEX_INTERNATIONAL_PRIORITY packaging=FEDEX_25KG_BOX, trying next combo: FedEx API error: 503 - {\"transactionId\":\"bee5f49e-09ad-4b10-83a6-f5d17c6e4dc4\",\"errors\":[{\"code\":\"SY","timestamp":"2026-05-04T01:57:23.291Z"}
{"level":"info","message":"FedEx rate attempt: service=FEDEX_INTERNATIONAL_PRIORITY packaging=FEDEX_ENVELOPE","timestamp":"2026-05-04T01:57:23.291Z"}
{"level":"info","message":"FedEx rate failed with service=FEDEX_INTERNATIONAL_PRIORITY packaging=FEDEX_ENVELOPE, trying next combo: FedEx API error: 500 - {\"transactionId\":\"fadcf609-5e87-4b0b-a18f-9819208a8d45\",\"errors\":[{\"code\":\"SY","timestamp":"2026-05-04T01:57:24.005Z"}
{"level":"info","message":"FedEx rate attempt: service=FEDEX_INTERNATIONAL_PRIORITY packaging=FEDEX_EXTRA_LARGE_BOX","timestamp":"2026-05-04T01:57:24.005Z"}
{"level":"info","message":"FedEx rate success: got 1 rates with service=FEDEX_INTERNATIONAL_PRIORITY packaging=FEDEX_EXTRA_LARGE_BOX","timestamp":"2026-05-04T01:57:26.438Z"}
{"level":"info","message":"Starting credit invoice reminder processing...","timestamp":"2026-05-04T01:57:27.690Z"}
{"level":"info","message":"Found 0 credit invoices due for reminder","timestamp":"2026-05-04T01:57:27.693Z"}
{"level":"info","message":"Credit invoice reminder processing completed","timestamp":"2026-05-04T01:57:27.693Z"}
{"level":"info","message":"Email service not configured - SMTP credentials missing","timestamp":"2026-05-04T01:57:55.045Z"}
{"level":"info","message":"Email not sent - service not configured","subject":"Credit Invoice Created - Shipment EZH065994878","timestamp":"2026-05-04T01:57:55.045Z","to":"demo@company.com"}
{"error":"FedEx API error: 403 - {\"transactionId\":\"d1a58cf3-5a22-494a-8ffc-9393bc8502dd\",\"errors\":[{\"code\":\"FORBIDDEN.ERROR\",\"message\":\"We could not authorize your credentials. Please check your permissions and try again.\"}]}","level":"error","message":"FedEx tracking error","stack":"Error: FedEx API error: 403 - {\"transactionId\":\"d1a58cf3-5a22-494a-8ffc-9393bc8502dd\",\"errors\":[{\"code\":\"FORBIDDEN.ERROR\",\"message\":\"We could not authorize your credentials. Please check your permissions and try again.\"}]}\n    at FedExAdapter.makeRequest (/Users/mac/Desktop/Ezhalha/Ezhalha-Logistics-Platform/server/integrations/fedex.ts:521:23)\n    at process.processTicksAndRejections (node:internal/process/task_queues:105:5)\n    at async FedExAdapter.trackShipment (/Users/mac/Desktop/Ezhalha/Ezhalha-Logistics-Platform/server/integrations/fedex.ts:1562:24)\n    at async <anonymous> (/Users/mac/Desktop/Ezhalha/Ezhalha-Logistics-Platform/server/routes.ts:8714:24)","timestamp":"2026-05-04T01:58:08.408Z"}
{"error":"CarrierError [TRACKING_FAILED]: FedEx API error: 403 - {\"transactionId\":\"d1a58cf3-5a22-494a-8ffc-9393bc8502dd\",\"errors\":[{\"code\":\"FORBIDDEN.ERROR\",\"message\":\"We could not authorize your credentials. Please check your permissions and try again.\"}]}","level":"error","message":"Failed to get shipment tracking","stack":"CarrierError: CarrierError [TRACKING_FAILED]: FedEx API error: 403 - {\"transactionId\":\"d1a58cf3-5a22-494a-8ffc-9393bc8502dd\",\"errors\":[{\"code\":\"FORBIDDEN.ERROR\",\"message\":\"We could not authorize your credentials. Please check your permissions and try again.\"}]}\n    at FedExAdapter.trackShipment (/Users/mac/Desktop/Ezhalha/Ezhalha-Logistics-Platform/server/integrations/fedex.ts:1589:13)\n    at process.processTicksAndRejections (node:internal/process/task_queues:105:5)\n    at async <anonymous> (/Users/mac/Desktop/Ezhalha/Ezhalha-Logistics-Platform/server/routes.ts:8714:24)","timestamp":"2026-05-04T01:58:08.409Z"}
{"error":"FedEx API error: 422 - {\"transactionId\":\"2dc359cc-2200-4a1f-91bd-9f2c810bdabd\",\"errors\":[{\"code\":\"INVALID.INPUT.EXCEPTION\",\"message\":\"Invalid field value in the input\"}]}","level":"error","message":"FedEx cancel shipment error","stack":"Error: FedEx API error: 422 - {\"transactionId\":\"2dc359cc-2200-4a1f-91bd-9f2c810bdabd\",\"errors\":[{\"code\":\"INVALID.INPUT.EXCEPTION\",\"message\":\"Invalid field value in the input\"}]}\n    at FedExAdapter.makeRequest (/Users/mac/Desktop/Ezhalha/Ezhalha-Logistics-Platform/server/integrations/fedex.ts:521:23)\n    at process.processTicksAndRejections (node:internal/process/task_queues:105:5)\n    at async FedExAdapter.cancelShipment (/Users/mac/Desktop/Ezhalha/Ezhalha-Logistics-Platform/server/integrations/fedex.ts:1637:7)\n    at async <anonymous> (/Users/mac/Desktop/Ezhalha/Ezhalha-Logistics-Platform/server/routes.ts:3120:40)","timestamp":"2026-05-04T01:58:08.957Z"}
{"error":"CarrierError [CANCEL_FAILED]: FedEx API error: 422 - {\"transactionId\":\"2dc359cc-2200-4a1f-91bd-9f2c810bdabd\",\"errors\":[{\"code\":\"INVALID.INPUT.EXCEPTION\",\"message\":\"Invalid field value in the input\"}]}","level":"error","message":"Carrier cancel failed","stack":"CarrierError: CarrierError [CANCEL_FAILED]: FedEx API error: 422 - {\"transactionId\":\"2dc359cc-2200-4a1f-91bd-9f2c810bdabd\",\"errors\":[{\"code\":\"INVALID.INPUT.EXCEPTION\",\"message\":\"Invalid field value in the input\"}]}\n    at FedExAdapter.cancelShipment (/Users/mac/Desktop/Ezhalha/Ezhalha-Logistics-Platform/server/integrations/fedex.ts:1650:13)\n    at process.processTicksAndRejections (node:internal/process/task_queues:105:5)\n    at async <anonymous> (/Users/mac/Desktop/Ezhalha/Ezhalha-Logistics-Platform/server/routes.ts:3120:40)","timestamp":"2026-05-04T01:58:08.958Z"}
{"level":"info","message":"Registered carrier adapter: FedEx (FEDEX) - configured: true","timestamp":"2026-05-04T02:15:29.139Z"}
{"level":"info","message":"Registered carrier adapter: FedEx (FEDEX) - configured: true","timestamp":"2026-05-04T02:15:29.141Z"}
{"level":"info","message":"Registered carrier adapter: DHL (DHL) - configured: true","timestamp":"2026-05-04T02:15:29.141Z"}
{"level":"info","message":"Registered carrier adapter: FedEx (FEDEX) - configured: true","timestamp":"2026-05-04T02:15:29.139Z"}
{"level":"info","message":"Registered carrier adapter: FedEx (FEDEX) - configured: true","timestamp":"2026-05-04T02:15:29.141Z"}
{"level":"info","message":"Registered carrier adapter: DHL (DHL) - configured: true","timestamp":"2026-05-04T02:15:29.141Z"}
{"level":"info","message":"Registered carrier adapter: FedEx (FEDEX) - configured: true","timestamp":"2026-05-04T02:15:29.139Z"}
{"level":"info","message":"Registered carrier adapter: FedEx (FEDEX) - configured: true","timestamp":"2026-05-04T02:15:29.141Z"}
{"level":"info","message":"Registered carrier adapter: DHL (DHL) - configured: true","timestamp":"2026-05-04T02:15:29.141Z"}
{"level":"info","message":"Registered carrier adapter: FedEx (FEDEX) - configured: true","timestamp":"2026-05-04T02:15:29.139Z"}
{"level":"info","message":"Registered carrier adapter: FedEx (FEDEX) - configured: true","timestamp":"2026-05-04T02:15:29.141Z"}
{"level":"info","message":"Registered carrier adapter: DHL (DHL) - configured: true","timestamp":"2026-05-04T02:15:29.141Z"}
{"level":"info","message":"Starting credit reminder scheduler (hourly)","timestamp":"2026-05-04T02:15:32.766Z"}
{"level":"info","message":"Registered carrier adapter: FedEx (FEDEX) - configured: true","timestamp":"2026-05-04T02:15:51.271Z"}
{"level":"info","message":"Registered carrier adapter: FedEx (FEDEX) - configured: true","timestamp":"2026-05-04T02:15:51.273Z"}
{"level":"info","message":"Registered carrier adapter: DHL (DHL) - configured: true","timestamp":"2026-05-04T02:15:51.274Z"}
{"level":"info","message":"Registered carrier adapter: FedEx (FEDEX) - configured: true","timestamp":"2026-05-04T02:15:51.262Z"}
{"level":"info","message":"Registered carrier adapter: FedEx (FEDEX) - configured: true","timestamp":"2026-05-04T02:15:51.264Z"}
{"level":"info","message":"Registered carrier adapter: DHL (DHL) - configured: true","timestamp":"2026-05-04T02:15:51.265Z"}
{"level":"info","message":"Registered carrier adapter: FedEx (FEDEX) - configured: true","timestamp":"2026-05-04T02:15:51.269Z"}
{"level":"info","message":"Registered carrier adapter: FedEx (FEDEX) - configured: true","timestamp":"2026-05-04T02:15:51.270Z"}
{"level":"info","message":"Registered carrier adapter: DHL (DHL) - configured: true","timestamp":"2026-05-04T02:15:51.271Z"}
{"level":"info","message":"Registered carrier adapter: FedEx (FEDEX) - configured: true","timestamp":"2026-05-04T02:15:51.309Z"}
{"level":"info","message":"Registered carrier adapter: FedEx (FEDEX) - configured: true","timestamp":"2026-05-04T02:15:51.310Z"}
{"level":"info","message":"Registered carrier adapter: DHL (DHL) - configured: true","timestamp":"2026-05-04T02:15:51.311Z"}
{"level":"info","message":"Starting credit reminder scheduler (hourly)","timestamp":"2026-05-04T02:15:53.387Z"}
{"level":"info","message":"Registered carrier adapter: FedEx (FEDEX) - configured: true","timestamp":"2026-05-04T02:16:01.371Z"}
{"level":"info","message":"Registered carrier adapter: FedEx (FEDEX) - configured: true","timestamp":"2026-05-04T02:16:01.373Z"}
{"level":"info","message":"Registered carrier adapter: DHL (DHL) - configured: true","timestamp":"2026-05-04T02:16:01.373Z"}
{"level":"info","message":"Registered carrier adapter: FedEx (FEDEX) - configured: true","timestamp":"2026-05-04T02:16:01.393Z"}
{"level":"info","message":"Registered carrier adapter: FedEx (FEDEX) - configured: true","timestamp":"2026-05-04T02:16:01.395Z"}
{"level":"info","message":"Registered carrier adapter: DHL (DHL) - configured: true","timestamp":"2026-05-04T02:16:01.395Z"}
{"level":"info","message":"Registered carrier adapter: FedEx (FEDEX) - configured: true","timestamp":"2026-05-04T02:16:01.395Z"}
{"level":"info","message":"Registered carrier adapter: FedEx (FEDEX) - configured: true","timestamp":"2026-05-04T02:16:01.397Z"}
{"level":"info","message":"Registered carrier adapter: DHL (DHL) - configured: true","timestamp":"2026-05-04T02:16:01.397Z"}
{"level":"info","message":"Registered carrier adapter: FedEx (FEDEX) - configured: true","timestamp":"2026-05-04T02:16:01.441Z"}
{"level":"info","message":"Registered carrier adapter: FedEx (FEDEX) - configured: true","timestamp":"2026-05-04T02:16:01.443Z"}
{"level":"info","message":"Registered carrier adapter: DHL (DHL) - configured: true","timestamp":"2026-05-04T02:16:01.444Z"}
{"level":"info","message":"Starting credit reminder scheduler (hourly)","timestamp":"2026-05-04T02:16:03.529Z"}
{"level":"info","message":"Registered carrier adapter: FedEx (FEDEX) - configured: true","timestamp":"2026-05-04T02:16:10.246Z"}
{"level":"info","message":"Registered carrier adapter: FedEx (FEDEX) - configured: true","timestamp":"2026-05-04T02:16:10.249Z"}
{"level":"info","message":"Registered carrier adapter: DHL (DHL) - configured: true","timestamp":"2026-05-04T02:16:10.250Z"}
{"level":"info","message":"Registered carrier adapter: FedEx (FEDEX) - configured: true","timestamp":"2026-05-04T02:16:10.246Z"}
{"level":"info","message":"Registered carrier adapter: FedEx (FEDEX) - configured: true","timestamp":"2026-05-04T02:16:10.249Z"}
{"level":"info","message":"Registered carrier adapter: DHL (DHL) - configured: true","timestamp":"2026-05-04T02:16:10.250Z"}
{"level":"info","message":"Registered carrier adapter: FedEx (FEDEX) - configured: true","timestamp":"2026-05-04T02:16:10.277Z"}
{"level":"info","message":"Registered carrier adapter: FedEx (FEDEX) - configured: true","timestamp":"2026-05-04T02:16:10.278Z"}
{"level":"info","message":"Registered carrier adapter: DHL (DHL) - configured: true","timestamp":"2026-05-04T02:16:10.279Z"}
{"level":"info","message":"Registered carrier adapter: FedEx (FEDEX) - configured: true","timestamp":"2026-05-04T02:16:10.335Z"}
{"level":"info","message":"Registered carrier adapter: FedEx (FEDEX) - configured: true","timestamp":"2026-05-04T02:16:10.338Z"}
{"level":"info","message":"Registered carrier adapter: DHL (DHL) - configured: true","timestamp":"2026-05-04T02:16:10.339Z"}
{"level":"info","message":"Starting credit reminder scheduler (hourly)","timestamp":"2026-05-04T02:16:12.500Z"}
{"level":"info","message":"Registered carrier adapter: FedEx (FEDEX) - configured: true","timestamp":"2026-05-04T02:16:18.434Z"}
{"level":"info","message":"Registered carrier adapter: FedEx (FEDEX) - configured: true","timestamp":"2026-05-04T02:16:18.437Z"}
{"level":"info","message":"Registered carrier adapter: DHL (DHL) - configured: true","timestamp":"2026-05-04T02:16:18.437Z"}
{"level":"info","message":"Registered carrier adapter: FedEx (FEDEX) - configured: true","timestamp":"2026-05-04T02:16:18.412Z"}
{"level":"info","message":"Registered carrier adapter: FedEx (FEDEX) - configured: true","timestamp":"2026-05-04T02:16:18.414Z"}
{"level":"info","message":"Registered carrier adapter: DHL (DHL) - configured: true","timestamp":"2026-05-04T02:16:18.415Z"}
{"level":"info","message":"Registered carrier adapter: FedEx (FEDEX) - configured: true","timestamp":"2026-05-04T02:16:18.544Z"}
{"level":"info","message":"Registered carrier adapter: FedEx (FEDEX) - configured: true","timestamp":"2026-05-04T02:16:18.547Z"}
{"level":"info","message":"Registered carrier adapter: DHL (DHL) - configured: true","timestamp":"2026-05-04T02:16:18.547Z"}
{"level":"info","message":"Registered carrier adapter: FedEx (FEDEX) - configured: true","timestamp":"2026-05-04T02:16:18.584Z"}
{"level":"info","message":"Registered carrier adapter: FedEx (FEDEX) - configured: true","timestamp":"2026-05-04T02:16:18.587Z"}
{"level":"info","message":"Registered carrier adapter: DHL (DHL) - configured: true","timestamp":"2026-05-04T02:16:18.588Z"}
{"level":"info","message":"Starting credit reminder scheduler (hourly)","timestamp":"2026-05-04T02:16:20.742Z"}
{"level":"info","message":"Starting credit invoice reminder processing...","timestamp":"2026-05-04T02:16:50.743Z"}
{"level":"info","message":"Found 0 credit invoices due for reminder","timestamp":"2026-05-04T02:16:50.755Z"}
{"level":"info","message":"Credit invoice reminder processing completed","timestamp":"2026-05-04T02:16:50.756Z"}
{"level":"info","message":"Registered carrier adapter: FedEx (FEDEX) - configured: true","timestamp":"2026-05-04T02:17:05.714Z"}
{"level":"info","message":"Registered carrier adapter: FedEx (FEDEX) - configured: true","timestamp":"2026-05-04T02:17:05.717Z"}
{"level":"info","message":"Registered carrier adapter: DHL (DHL) - configured: true","timestamp":"2026-05-04T02:17:05.717Z"}
{"level":"info","message":"Registered carrier adapter: FedEx (FEDEX) - configured: true","timestamp":"2026-05-04T02:17:05.713Z"}
{"level":"info","message":"Registered carrier adapter: FedEx (FEDEX) - configured: true","timestamp":"2026-05-04T02:17:05.715Z"}
{"level":"info","message":"Registered carrier adapter: DHL (DHL) - configured: true","timestamp":"2026-05-04T02:17:05.716Z"}
{"level":"info","message":"Registered carrier adapter: FedEx (FEDEX) - configured: true","timestamp":"2026-05-04T02:17:05.866Z"}
{"level":"info","message":"Registered carrier adapter: FedEx (FEDEX) - configured: true","timestamp":"2026-05-04T02:17:05.869Z"}
{"level":"info","message":"Registered carrier adapter: DHL (DHL) - configured: true","timestamp":"2026-05-04T02:17:05.870Z"}
{"level":"info","message":"Registered carrier adapter: FedEx (FEDEX) - configured: true","timestamp":"2026-05-04T02:17:05.936Z"}
{"level":"info","message":"Registered carrier adapter: FedEx (FEDEX) - configured: true","timestamp":"2026-05-04T02:17:05.938Z"}
{"level":"info","message":"Registered carrier adapter: DHL (DHL) - configured: true","timestamp":"2026-05-04T02:17:05.938Z"}
{"level":"info","message":"Starting credit reminder scheduler (hourly)","timestamp":"2026-05-04T02:17:07.899Z"}
{"level":"info","message":"Registered carrier adapter: FedEx (FEDEX) - configured: true","timestamp":"2026-05-04T02:17:23.187Z"}
{"level":"info","message":"Registered carrier adapter: FedEx (FEDEX) - configured: true","timestamp":"2026-05-04T02:17:23.189Z"}
{"level":"info","message":"Registered carrier adapter: DHL (DHL) - configured: true","timestamp":"2026-05-04T02:17:23.190Z"}
{"level":"info","message":"Registered carrier adapter: FedEx (FEDEX) - configured: true","timestamp":"2026-05-04T02:17:23.199Z"}
{"level":"info","message":"Registered carrier adapter: FedEx (FEDEX) - configured: true","timestamp":"2026-05-04T02:17:23.201Z"}
{"level":"info","message":"Registered carrier adapter: DHL (DHL) - configured: true","timestamp":"2026-05-04T02:17:23.202Z"}
{"level":"info","message":"Registered carrier adapter: FedEx (FEDEX) - configured: true","timestamp":"2026-05-04T02:17:23.206Z"}
{"level":"info","message":"Registered carrier adapter: FedEx (FEDEX) - configured: true","timestamp":"2026-05-04T02:17:23.208Z"}
{"level":"info","message":"Registered carrier adapter: DHL (DHL) - configured: true","timestamp":"2026-05-04T02:17:23.209Z"}
{"level":"info","message":"Registered carrier adapter: FedEx (FEDEX) - configured: true","timestamp":"2026-05-04T02:17:23.365Z"}
{"level":"info","message":"Registered carrier adapter: FedEx (FEDEX) - configured: true","timestamp":"2026-05-04T02:17:23.368Z"}
{"level":"info","message":"Registered carrier adapter: DHL (DHL) - configured: true","timestamp":"2026-05-04T02:17:23.368Z"}
{"level":"info","message":"Starting credit reminder scheduler (hourly)","timestamp":"2026-05-04T02:17:25.591Z"}
{"level":"info","message":"Starting credit invoice reminder processing...","timestamp":"2026-05-04T02:17:55.593Z"}
{"level":"info","message":"Found 0 credit invoices due for reminder","timestamp":"2026-05-04T02:17:55.605Z"}
{"level":"info","message":"Credit invoice reminder processing completed","timestamp":"2026-05-04T02:17:55.606Z"}
{"level":"info","message":"Registered carrier adapter: FedEx (FEDEX) - configured: true","timestamp":"2026-05-04T02:19:34.249Z"}
{"level":"info","message":"Registered carrier adapter: FedEx (FEDEX) - configured: true","timestamp":"2026-05-04T02:19:34.251Z"}
{"level":"info","message":"Registered carrier adapter: DHL (DHL) - configured: true","timestamp":"2026-05-04T02:19:34.252Z"}
{"level":"info","message":"Registered carrier adapter: FedEx (FEDEX) - configured: true","timestamp":"2026-05-04T02:19:34.250Z"}
{"level":"info","message":"Registered carrier adapter: FedEx (FEDEX) - configured: true","timestamp":"2026-05-04T02:19:34.251Z"}
{"level":"info","message":"Registered carrier adapter: DHL (DHL) - configured: true","timestamp":"2026-05-04T02:19:34.252Z"}
{"level":"info","message":"Registered carrier adapter: FedEx (FEDEX) - configured: true","timestamp":"2026-05-04T02:19:34.251Z"}
{"level":"info","message":"Registered carrier adapter: FedEx (FEDEX) - configured: true","timestamp":"2026-05-04T02:19:34.254Z"}
{"level":"info","message":"Registered carrier adapter: DHL (DHL) - configured: true","timestamp":"2026-05-04T02:19:34.255Z"}
{"level":"info","message":"Registered carrier adapter: FedEx (FEDEX) - configured: true","timestamp":"2026-05-04T02:19:34.249Z"}
{"level":"info","message":"Registered carrier adapter: FedEx (FEDEX) - configured: true","timestamp":"2026-05-04T02:19:34.251Z"}
{"level":"info","message":"Registered carrier adapter: DHL (DHL) - configured: true","timestamp":"2026-05-04T02:19:34.252Z"}
{"level":"info","message":"Starting credit reminder scheduler (hourly)","timestamp":"2026-05-04T02:19:37.280Z"}
{"level":"info","message":"Starting credit invoice reminder processing...","timestamp":"2026-05-04T02:20:07.280Z"}
{"level":"info","message":"Found 0 credit invoices due for reminder","timestamp":"2026-05-04T02:20:07.288Z"}
{"level":"info","message":"Credit invoice reminder processing completed","timestamp":"2026-05-04T02:20:07.288Z"}
{"level":"info","message":"Registered carrier adapter: FedEx (FEDEX) - configured: true","timestamp":"2026-05-04T02:20:14.559Z"}
{"level":"info","message":"Registered carrier adapter: FedEx (FEDEX) - configured: true","timestamp":"2026-05-04T02:20:14.561Z"}
{"level":"info","message":"Registered carrier adapter: DHL (DHL) - configured: true","timestamp":"2026-05-04T02:20:14.562Z"}
{"level":"info","message":"Registered carrier adapter: FedEx (FEDEX) - configured: true","timestamp":"2026-05-04T02:20:14.573Z"}
{"level":"info","message":"Registered carrier adapter: FedEx (FEDEX) - configured: true","timestamp":"2026-05-04T02:20:14.575Z"}
{"level":"info","message":"Registered carrier adapter: DHL (DHL) - configured: true","timestamp":"2026-05-04T02:20:14.575Z"}
{"level":"info","message":"Registered carrier adapter: FedEx (FEDEX) - configured: true","timestamp":"2026-05-04T02:20:14.601Z"}
{"level":"info","message":"Registered carrier adapter: FedEx (FEDEX) - configured: true","timestamp":"2026-05-04T02:20:14.603Z"}
{"level":"info","message":"Registered carrier adapter: DHL (DHL) - configured: true","timestamp":"2026-05-04T02:20:14.603Z"}
{"level":"info","message":"Registered carrier adapter: FedEx (FEDEX) - configured: true","timestamp":"2026-05-04T02:20:14.605Z"}
{"level":"info","message":"Registered carrier adapter: FedEx (FEDEX) - configured: true","timestamp":"2026-05-04T02:20:14.607Z"}
{"level":"info","message":"Registered carrier adapter: DHL (DHL) - configured: true","timestamp":"2026-05-04T02:20:14.607Z"}
{"level":"info","message":"Starting credit reminder scheduler (hourly)","timestamp":"2026-05-04T02:20:16.644Z"}
{"level":"info","message":"Registered carrier adapter: FedEx (FEDEX) - configured: true","timestamp":"2026-05-04T02:20:23.039Z"}
{"level":"info","message":"Registered carrier adapter: FedEx (FEDEX) - configured: true","timestamp":"2026-05-04T02:20:23.041Z"}
{"level":"info","message":"Registered carrier adapter: DHL (DHL) - configured: true","timestamp":"2026-05-04T02:20:23.041Z"}
{"level":"info","message":"Registered carrier adapter: FedEx (FEDEX) - configured: true","timestamp":"2026-05-04T02:20:23.068Z"}
{"level":"info","message":"Registered carrier adapter: FedEx (FEDEX) - configured: true","timestamp":"2026-05-04T02:20:23.070Z"}
{"level":"info","message":"Registered carrier adapter: DHL (DHL) - configured: true","timestamp":"2026-05-04T02:20:23.070Z"}
{"level":"info","message":"Registered carrier adapter: FedEx (FEDEX) - configured: true","timestamp":"2026-05-04T02:20:23.023Z"}
{"level":"info","message":"Registered carrier adapter: FedEx (FEDEX) - configured: true","timestamp":"2026-05-04T02:20:23.025Z"}
{"level":"info","message":"Registered carrier adapter: DHL (DHL) - configured: true","timestamp":"2026-05-04T02:20:23.025Z"}
{"level":"info","message":"Registered carrier adapter: FedEx (FEDEX) - configured: true","timestamp":"2026-05-04T02:20:23.041Z"}
{"level":"info","message":"Registered carrier adapter: FedEx (FEDEX) - configured: true","timestamp":"2026-05-04T02:20:23.043Z"}
{"level":"info","message":"Registered carrier adapter: DHL (DHL) - configured: true","timestamp":"2026-05-04T02:20:23.044Z"}
{"level":"info","message":"Starting credit reminder scheduler (hourly)","timestamp":"2026-05-04T02:20:24.972Z"}
{"level":"info","message":"Starting credit invoice reminder processing...","timestamp":"2026-05-04T02:20:54.975Z"}
{"level":"info","message":"Found 0 credit invoices due for reminder","timestamp":"2026-05-04T02:20:54.986Z"}
{"level":"info","message":"Credit invoice reminder processing completed","timestamp":"2026-05-04T02:20:54.986Z"}
{"level":"info","message":"Cleared expired idempotency records","timestamp":"2026-05-04T03:20:23.351Z"}
{"level":"info","message":"Starting credit invoice reminder processing...","timestamp":"2026-05-04T03:20:25.093Z"}
{"level":"info","message":"Found 0 credit invoices due for reminder","timestamp":"2026-05-04T03:20:25.107Z"}
{"level":"info","message":"Credit invoice reminder processing completed","timestamp":"2026-05-04T03:20:25.107Z"}
{"level":"info","message":"Starting credit invoice reminder processing...","timestamp":"2026-05-04T12:50:57.490Z"}
{"level":"info","message":"Cleared expired idempotency records","timestamp":"2026-05-04T12:50:57.631Z"}
{"level":"info","message":"Found 0 credit invoices due for reminder","timestamp":"2026-05-04T12:50:57.635Z"}
{"level":"info","message":"Credit invoice reminder processing completed","timestamp":"2026-05-04T12:50:57.635Z"}
{"level":"info","message":"Registered carrier adapter: FedEx (FEDEX) - configured: true","timestamp":"2026-05-04T13:44:00.923Z"}
{"level":"info","message":"Registered carrier adapter: FedEx (FEDEX) - configured: true","timestamp":"2026-05-04T13:44:00.924Z"}
{"level":"info","message":"Registered carrier adapter: DHL (DHL) - configured: true","timestamp":"2026-05-04T13:44:00.925Z"}
{"level":"info","message":"Registered carrier adapter: FedEx (FEDEX) - configured: true","timestamp":"2026-05-04T13:44:00.923Z"}
{"level":"info","message":"Registered carrier adapter: FedEx (FEDEX) - configured: true","timestamp":"2026-05-04T13:44:00.924Z"}
{"level":"info","message":"Registered carrier adapter: DHL (DHL) - configured: true","timestamp":"2026-05-04T13:44:00.925Z"}
{"level":"info","message":"Registered carrier adapter: FedEx (FEDEX) - configured: true","timestamp":"2026-05-04T13:44:00.924Z"}
{"level":"info","message":"Registered carrier adapter: FedEx (FEDEX) - configured: true","timestamp":"2026-05-04T13:44:00.926Z"}
{"level":"info","message":"Registered carrier adapter: DHL (DHL) - configured: true","timestamp":"2026-05-04T13:44:00.926Z"}
{"level":"info","message":"Registered carrier adapter: FedEx (FEDEX) - configured: true","timestamp":"2026-05-04T13:44:00.923Z"}
{"level":"info","message":"Registered carrier adapter: FedEx (FEDEX) - configured: true","timestamp":"2026-05-04T13:44:00.924Z"}
{"level":"info","message":"Registered carrier adapter: DHL (DHL) - configured: true","timestamp":"2026-05-04T13:44:00.925Z"}
{"level":"info","message":"Starting credit reminder scheduler (hourly)","timestamp":"2026-05-04T13:44:04.151Z"}
{"level":"info","message":"Registered carrier adapter: FedEx (FEDEX) - configured: true","timestamp":"2026-05-04T13:44:14.198Z"}
{"level":"info","message":"Registered carrier adapter: FedEx (FEDEX) - configured: true","timestamp":"2026-05-04T13:44:14.200Z"}
{"level":"info","message":"Registered carrier adapter: DHL (DHL) - configured: true","timestamp":"2026-05-04T13:44:14.200Z"}
{"level":"info","message":"Registered carrier adapter: FedEx (FEDEX) - configured: true","timestamp":"2026-05-04T13:44:14.193Z"}
{"level":"info","message":"Registered carrier adapter: FedEx (FEDEX) - configured: true","timestamp":"2026-05-04T13:44:14.195Z"}
{"level":"info","message":"Registered carrier adapter: DHL (DHL) - configured: true","timestamp":"2026-05-04T13:44:14.196Z"}
{"level":"info","message":"Registered carrier adapter: FedEx (FEDEX) - configured: true","timestamp":"2026-05-04T13:44:14.208Z"}
{"level":"info","message":"Registered carrier adapter: FedEx (FEDEX) - configured: true","timestamp":"2026-05-04T13:44:14.210Z"}
{"level":"info","message":"Registered carrier adapter: DHL (DHL) - configured: true","timestamp":"2026-05-04T13:44:14.210Z"}
{"level":"info","message":"Registered carrier adapter: FedEx (FEDEX) - configured: true","timestamp":"2026-05-04T13:44:14.280Z"}
{"level":"info","message":"Registered carrier adapter: FedEx (FEDEX) - configured: true","timestamp":"2026-05-04T13:44:14.282Z"}
{"level":"info","message":"Registered carrier adapter: DHL (DHL) - configured: true","timestamp":"2026-05-04T13:44:14.283Z"}
{"level":"info","message":"Starting credit reminder scheduler (hourly)","timestamp":"2026-05-04T13:44:16.090Z"}
{"level":"info","message":"Registered carrier adapter: FedEx (FEDEX) - configured: true","timestamp":"2026-05-04T13:44:40.718Z"}
{"level":"info","message":"Registered carrier adapter: FedEx (FEDEX) - configured: true","timestamp":"2026-05-04T13:44:40.720Z"}
{"level":"info","message":"Registered carrier adapter: DHL (DHL) - configured: true","timestamp":"2026-05-04T13:44:40.720Z"}
{"level":"info","message":"Registered carrier adapter: FedEx (FEDEX) - configured: true","timestamp":"2026-05-04T13:44:40.714Z"}
{"level":"info","message":"Registered carrier adapter: FedEx (FEDEX) - configured: true","timestamp":"2026-05-04T13:44:40.716Z"}
{"level":"info","message":"Registered carrier adapter: DHL (DHL) - configured: true","timestamp":"2026-05-04T13:44:40.716Z"}
{"level":"info","message":"Registered carrier adapter: FedEx (FEDEX) - configured: true","timestamp":"2026-05-04T13:44:40.744Z"}
{"level":"info","message":"Registered carrier adapter: FedEx (FEDEX) - configured: true","timestamp":"2026-05-04T13:44:40.745Z"}
{"level":"info","message":"Registered carrier adapter: DHL (DHL) - configured: true","timestamp":"2026-05-04T13:44:40.746Z"}
{"level":"info","message":"Registered carrier adapter: FedEx (FEDEX) - configured: true","timestamp":"2026-05-04T13:44:40.822Z"}
{"level":"info","message":"Registered carrier adapter: FedEx (FEDEX) - configured: true","timestamp":"2026-05-04T13:44:40.823Z"}
{"level":"info","message":"Registered carrier adapter: DHL (DHL) - configured: true","timestamp":"2026-05-04T13:44:40.824Z"}
{"level":"info","message":"Starting credit reminder scheduler (hourly)","timestamp":"2026-05-04T13:44:42.601Z"}
{"level":"info","message":"Registered carrier adapter: FedEx (FEDEX) - configured: true","timestamp":"2026-05-04T13:45:09.038Z"}
{"level":"info","message":"Registered carrier adapter: FedEx (FEDEX) - configured: true","timestamp":"2026-05-04T13:45:09.040Z"}
{"level":"info","message":"Registered carrier adapter: DHL (DHL) - configured: true","timestamp":"2026-05-04T13:45:09.040Z"}
{"level":"info","message":"Registered carrier adapter: FedEx (FEDEX) - configured: true","timestamp":"2026-05-04T13:45:09.033Z"}
{"level":"info","message":"Registered carrier adapter: FedEx (FEDEX) - configured: true","timestamp":"2026-05-04T13:45:09.035Z"}
{"level":"info","message":"Registered carrier adapter: DHL (DHL) - configured: true","timestamp":"2026-05-04T13:45:09.036Z"}
{"level":"info","message":"Registered carrier adapter: FedEx (FEDEX) - configured: true","timestamp":"2026-05-04T13:45:09.078Z"}
{"level":"info","message":"Registered carrier adapter: FedEx (FEDEX) - configured: true","timestamp":"2026-05-04T13:45:09.080Z"}
{"level":"info","message":"Registered carrier adapter: DHL (DHL) - configured: true","timestamp":"2026-05-04T13:45:09.081Z"}
{"level":"info","message":"Registered carrier adapter: FedEx (FEDEX) - configured: true","timestamp":"2026-05-04T13:45:09.140Z"}
{"level":"info","message":"Registered carrier adapter: FedEx (FEDEX) - configured: true","timestamp":"2026-05-04T13:45:09.142Z"}
{"level":"info","message":"Registered carrier adapter: DHL (DHL) - configured: true","timestamp":"2026-05-04T13:45:09.142Z"}
{"level":"info","message":"Starting credit reminder scheduler (hourly)","timestamp":"2026-05-04T13:45:11.084Z"}
{"level":"info","message":"Registered carrier adapter: FedEx (FEDEX) - configured: true","timestamp":"2026-05-04T13:45:15.189Z"}
{"level":"info","message":"Registered carrier adapter: FedEx (FEDEX) - configured: true","timestamp":"2026-05-04T13:45:15.191Z"}
{"level":"info","message":"Registered carrier adapter: DHL (DHL) - configured: true","timestamp":"2026-05-04T13:45:15.191Z"}
{"level":"info","message":"Registered carrier adapter: FedEx (FEDEX) - configured: true","timestamp":"2026-05-04T13:45:15.162Z"}
{"level":"info","message":"Registered carrier adapter: FedEx (FEDEX) - configured: true","timestamp":"2026-05-04T13:45:15.164Z"}
{"level":"info","message":"Registered carrier adapter: DHL (DHL) - configured: true","timestamp":"2026-05-04T13:45:15.165Z"}
{"level":"info","message":"Registered carrier adapter: FedEx (FEDEX) - configured: true","timestamp":"2026-05-04T13:45:15.170Z"}
{"level":"info","message":"Registered carrier adapter: FedEx (FEDEX) - configured: true","timestamp":"2026-05-04T13:45:15.172Z"}
{"level":"info","message":"Registered carrier adapter: DHL (DHL) - configured: true","timestamp":"2026-05-04T13:45:15.172Z"}
{"level":"info","message":"Registered carrier adapter: FedEx (FEDEX) - configured: true","timestamp":"2026-05-04T13:45:15.236Z"}
{"level":"info","message":"Registered carrier adapter: FedEx (FEDEX) - configured: true","timestamp":"2026-05-04T13:45:15.238Z"}
{"level":"info","message":"Registered carrier adapter: DHL (DHL) - configured: true","timestamp":"2026-05-04T13:45:15.238Z"}
{"level":"info","message":"Starting credit reminder scheduler (hourly)","timestamp":"2026-05-04T13:45:17.025Z"}
{"level":"info","message":"Registered carrier adapter: FedEx (FEDEX) - configured: true","timestamp":"2026-05-04T13:45:24.809Z"}
{"level":"info","message":"Registered carrier adapter: FedEx (FEDEX) - configured: true","timestamp":"2026-05-04T13:45:24.811Z"}
{"level":"info","message":"Registered carrier adapter: DHL (DHL) - configured: true","timestamp":"2026-05-04T13:45:24.811Z"}
{"level":"info","message":"Registered carrier adapter: FedEx (FEDEX) - configured: true","timestamp":"2026-05-04T13:45:24.890Z"}
{"level":"info","message":"Registered carrier adapter: FedEx (FEDEX) - configured: true","timestamp":"2026-05-04T13:45:24.892Z"}
{"level":"info","message":"Registered carrier adapter: DHL (DHL) - configured: true","timestamp":"2026-05-04T13:45:24.893Z"}
{"level":"info","message":"Registered carrier adapter: FedEx (FEDEX) - configured: true","timestamp":"2026-05-04T13:45:24.893Z"}
{"level":"info","message":"Registered carrier adapter: FedEx (FEDEX) - configured: true","timestamp":"2026-05-04T13:45:24.894Z"}
{"level":"info","message":"Registered carrier adapter: DHL (DHL) - configured: true","timestamp":"2026-05-04T13:45:24.895Z"}
{"level":"info","message":"Registered carrier adapter: FedEx (FEDEX) - configured: true","timestamp":"2026-05-04T13:45:24.897Z"}
{"level":"info","message":"Registered carrier adapter: FedEx (FEDEX) - configured: true","timestamp":"2026-05-04T13:45:24.900Z"}
{"level":"info","message":"Registered carrier adapter: DHL (DHL) - configured: true","timestamp":"2026-05-04T13:45:24.900Z"}
{"level":"info","message":"Starting credit reminder scheduler (hourly)","timestamp":"2026-05-04T13:45:26.589Z"}
{"level":"info","message":"Starting credit invoice reminder processing...","timestamp":"2026-05-04T13:45:56.591Z"}
{"level":"info","message":"Found 0 credit invoices due for reminder","timestamp":"2026-05-04T13:45:56.610Z"}
{"level":"info","message":"Credit invoice reminder processing completed","timestamp":"2026-05-04T13:45:56.610Z"}
{"level":"info","message":"Registered carrier adapter: FedEx (FEDEX) - configured: true","timestamp":"2026-05-04T13:58:24.163Z"}
{"error":"fetch failed","level":"error","message":"DHL shipment creation failed","stack":"TypeError: fetch failed\n    at node:internal/deps/undici/undici:15422:13\n    at process.processTicksAndRejections (node:internal/process/task_queues:105:5)\n    at async DhlAdapter.makeRequest (/Users/mac/Desktop/Ezhalha/Ezhalha-Logistics-Platform/server/integrations/dhl.ts:656:26)\n    at async DhlAdapter.createShipment (/Users/mac/Desktop/Ezhalha/Ezhalha-Logistics-Platform/server/integrations/dhl.ts:963:24)\n    at async file:///Users/mac/Desktop/Ezhalha/Ezhalha-Logistics-Platform/[eval1]:1:1430","timestamp":"2026-05-04T13:58:27.249Z"}
{"level":"info","message":"Registered carrier adapter: FedEx (FEDEX) - configured: true","timestamp":"2026-05-04T13:58:58.786Z"}
{"level":"info","message":"Registered carrier adapter: FedEx (FEDEX) - configured: true","timestamp":"2026-05-04T14:40:20.038Z"}
{"error":"fetch failed","level":"error","message":"DHL shipment creation failed","stack":"TypeError: fetch failed\n    at node:internal/deps/undici/undici:15422:13\n    at process.processTicksAndRejections (node:internal/process/task_queues:105:5)\n    at async DhlAdapter.makeRequest (/Users/mac/Desktop/Ezhalha/Ezhalha-Logistics-Platform/server/integrations/dhl.ts:656:26)\n    at async DhlAdapter.createShipment (/Users/mac/Desktop/Ezhalha/Ezhalha-Logistics-Platform/server/integrations/dhl.ts:963:24)\n    at async [eval]:1:275","timestamp":"2026-05-04T14:40:23.132Z"}
{"level":"info","message":"Registered carrier adapter: FedEx (FEDEX) - configured: true","timestamp":"2026-05-04T14:40:50.729Z"}
