{"level":"info","message":"Starting credit invoice reminder processing...","timestamp":"2026-05-05T21:01:59.812Z"}
{"level":"info","message":"Cleared expired idempotency records","timestamp":"2026-05-05T21:01:59.921Z"}
{"level":"info","message":"Found 0 credit invoices due for reminder","timestamp":"2026-05-05T21:01:59.923Z"}
{"level":"info","message":"Credit invoice reminder processing completed","timestamp":"2026-05-05T21:01:59.924Z"}
{"level":"info","message":"Starting credit invoice reminder processing...","timestamp":"2026-05-05T22:10:44.081Z"}
{"level":"info","message":"Cleared expired idempotency records","timestamp":"2026-05-05T22:10:44.191Z"}
{"level":"info","message":"Found 0 credit invoices due for reminder","timestamp":"2026-05-05T22:10:44.194Z"}
{"level":"info","message":"Credit invoice reminder processing completed","timestamp":"2026-05-05T22:10:44.194Z"}
{"level":"info","message":"Starting credit invoice reminder processing...","timestamp":"2026-05-05T23:26:45.750Z"}
{"level":"info","message":"Cleared expired idempotency records","timestamp":"2026-05-05T23:26:45.952Z"}
{"level":"info","message":"Found 0 credit invoices due for reminder","timestamp":"2026-05-05T23:26:45.962Z"}
{"level":"info","message":"Credit invoice reminder processing completed","timestamp":"2026-05-05T23:26:45.962Z"}
{"level":"info","message":"Starting credit invoice reminder processing...","timestamp":"2026-05-06T00:26:46.037Z"}
{"level":"info","message":"Cleared expired idempotency records","timestamp":"2026-05-06T00:26:46.042Z"}
{"level":"info","message":"Found 0 credit invoices due for reminder","timestamp":"2026-05-06T00:26:46.051Z"}
{"level":"info","message":"Credit invoice reminder processing completed","timestamp":"2026-05-06T00:26:46.052Z"}
{"level":"info","message":"Cleared expired idempotency records","timestamp":"2026-05-06T01:26:46.111Z"}
{"level":"info","message":"Starting credit invoice reminder processing...","timestamp":"2026-05-06T01:26:46.123Z"}
{"level":"info","message":"Found 0 credit invoices due for reminder","timestamp":"2026-05-06T01:26:46.131Z"}
{"level":"info","message":"Credit invoice reminder processing completed","timestamp":"2026-05-06T01:26:46.131Z"}
{"level":"info","message":"Starting credit invoice reminder processing...","timestamp":"2026-05-06T02:26:46.151Z"}
{"level":"info","message":"Cleared expired idempotency records","timestamp":"2026-05-06T02:26:46.163Z"}
{"level":"info","message":"Found 0 credit invoices due for reminder","timestamp":"2026-05-06T02:26:46.165Z"}
{"level":"info","message":"Credit invoice reminder processing completed","timestamp":"2026-05-06T02:26:46.165Z"}
{"level":"info","message":"Starting credit invoice reminder processing...","timestamp":"2026-05-06T04:42:42.149Z"}
{"level":"info","message":"Cleared expired idempotency records","timestamp":"2026-05-06T04:42:42.389Z"}
{"level":"info","message":"Found 0 credit invoices due for reminder","timestamp":"2026-05-06T04:42:42.390Z"}
{"level":"info","message":"Credit invoice reminder processing completed","timestamp":"2026-05-06T04:42:42.391Z"}
{"level":"info","message":"Starting credit invoice reminder processing...","timestamp":"2026-05-06T05:43:49.581Z"}
{"level":"info","message":"Cleared expired idempotency records","timestamp":"2026-05-06T05:43:51.601Z"}
{"level":"info","message":"Found 0 credit invoices due for reminder","timestamp":"2026-05-06T05:43:51.602Z"}
{"level":"info","message":"Credit invoice reminder processing completed","timestamp":"2026-05-06T05:43:51.602Z"}
{"level":"info","message":"Starting credit invoice reminder processing...","timestamp":"2026-05-06T06:44:56.980Z"}
{"level":"info","message":"Cleared expired idempotency records","timestamp":"2026-05-06T06:44:58.599Z"}
{"level":"info","message":"Found 0 credit invoices due for reminder","timestamp":"2026-05-06T06:44:58.659Z"}
{"level":"info","message":"Credit invoice reminder processing completed","timestamp":"2026-05-06T06:44:58.659Z"}
{"level":"info","message":"Starting credit invoice reminder processing...","timestamp":"2026-05-06T07:46:04.755Z"}
{"level":"info","message":"Cleared expired idempotency records","timestamp":"2026-05-06T07:46:06.375Z"}
{"level":"info","message":"Found 0 credit invoices due for reminder","timestamp":"2026-05-06T07:46:06.409Z"}
{"level":"info","message":"Credit invoice reminder processing completed","timestamp":"2026-05-06T07:46:06.410Z"}
{"level":"info","message":"Starting credit invoice reminder processing...","timestamp":"2026-05-06T08:47:11.761Z"}
{"level":"info","message":"Cleared expired idempotency records","timestamp":"2026-05-06T08:47:13.249Z"}
{"level":"info","message":"Found 0 credit invoices due for reminder","timestamp":"2026-05-06T08:47:13.268Z"}
{"level":"info","message":"Credit invoice reminder processing completed","timestamp":"2026-05-06T08:47:13.278Z"}
{"level":"info","message":"Starting credit invoice reminder processing...","timestamp":"2026-05-06T09:48:19.785Z"}
{"level":"info","message":"Cleared expired idempotency records","timestamp":"2026-05-06T09:48:21.129Z"}
{"level":"info","message":"Found 0 credit invoices due for reminder","timestamp":"2026-05-06T09:48:21.130Z"}
{"level":"info","message":"Credit invoice reminder processing completed","timestamp":"2026-05-06T09:48:21.131Z"}
{"level":"info","message":"Starting credit invoice reminder processing...","timestamp":"2026-05-06T10:49:27.633Z"}
{"level":"info","message":"Cleared expired idempotency records","timestamp":"2026-05-06T10:49:29.322Z"}
{"level":"info","message":"Found 0 credit invoices due for reminder","timestamp":"2026-05-06T10:49:29.340Z"}
{"level":"info","message":"Credit invoice reminder processing completed","timestamp":"2026-05-06T10:49:29.341Z"}
{"level":"info","message":"Starting credit invoice reminder processing...","timestamp":"2026-05-06T11:50:35.597Z"}
{"level":"info","message":"Cleared expired idempotency records","timestamp":"2026-05-06T11:50:37.468Z"}
{"level":"info","message":"Found 0 credit invoices due for reminder","timestamp":"2026-05-06T11:50:37.476Z"}
{"level":"info","message":"Credit invoice reminder processing completed","timestamp":"2026-05-06T11:50:37.476Z"}
{"level":"info","message":"Starting credit invoice reminder processing...","timestamp":"2026-05-06T12:51:43.858Z"}
{"level":"info","message":"Cleared expired idempotency records","timestamp":"2026-05-06T12:51:45.621Z"}
{"level":"info","message":"Found 0 credit invoices due for reminder","timestamp":"2026-05-06T12:51:45.631Z"}
{"level":"info","message":"Credit invoice reminder processing completed","timestamp":"2026-05-06T12:51:45.631Z"}
{"level":"info","message":"Starting credit invoice reminder processing...","timestamp":"2026-05-06T13:52:51.784Z"}
{"level":"info","message":"Cleared expired idempotency records","timestamp":"2026-05-06T13:52:53.467Z"}
{"level":"info","message":"Found 0 credit invoices due for reminder","timestamp":"2026-05-06T13:52:53.472Z"}
{"level":"info","message":"Credit invoice reminder processing completed","timestamp":"2026-05-06T13:52:53.474Z"}
{"level":"info","message":"Cleared expired idempotency records","timestamp":"2026-05-06T14:52:51.563Z"}
{"level":"info","message":"Starting credit invoice reminder processing...","timestamp":"2026-05-06T14:52:51.890Z"}
{"level":"info","message":"Found 0 credit invoices due for reminder","timestamp":"2026-05-06T14:52:51.902Z"}
{"level":"info","message":"Credit invoice reminder processing completed","timestamp":"2026-05-06T14:52:51.904Z"}
{"level":"info","message":"Starting credit invoice reminder processing...","timestamp":"2026-05-06T15:52:55.441Z"}
{"level":"info","message":"Cleared expired idempotency records","timestamp":"2026-05-06T15:52:55.542Z"}
{"level":"info","message":"Found 0 credit invoices due for reminder","timestamp":"2026-05-06T15:52:55.570Z"}
{"level":"info","message":"Credit invoice reminder processing completed","timestamp":"2026-05-06T15:52:55.571Z"}
{"level":"info","message":"Starting credit invoice reminder processing...","timestamp":"2026-05-06T17:29:55.046Z"}
{"level":"info","message":"Cleared expired idempotency records","timestamp":"2026-05-06T17:29:55.203Z"}
{"level":"info","message":"Found 0 credit invoices due for reminder","timestamp":"2026-05-06T17:29:55.205Z"}
{"level":"info","message":"Credit invoice reminder processing completed","timestamp":"2026-05-06T17:29:55.206Z"}
{"level":"info","message":"Starting credit invoice reminder processing...","timestamp":"2026-05-06T18:36:46.341Z"}
{"level":"info","message":"Cleared expired idempotency records","timestamp":"2026-05-06T18:36:46.627Z"}
{"level":"info","message":"Found 0 credit invoices due for reminder","timestamp":"2026-05-06T18:36:46.640Z"}
{"level":"info","message":"Credit invoice reminder processing completed","timestamp":"2026-05-06T18:36:46.640Z"}
{"level":"info","message":"Starting credit invoice reminder processing...","timestamp":"2026-05-06T19:37:48.305Z"}
{"level":"info","message":"Found 0 credit invoices due for reminder","timestamp":"2026-05-06T19:37:48.453Z"}
{"level":"info","message":"Credit invoice reminder processing completed","timestamp":"2026-05-06T19:37:48.454Z"}
{"level":"info","message":"Cleared expired idempotency records","timestamp":"2026-05-06T19:37:48.457Z"}
{"level":"info","message":"Registered carrier adapter: FedEx (FEDEX) - configured: true","timestamp":"2026-05-06T20:08:22.223Z"}
{"level":"info","message":"Registered carrier adapter: FedEx (FEDEX) - configured: true","timestamp":"2026-05-06T20:08:22.225Z"}
{"level":"info","message":"Registered carrier adapter: DHL (DHL) - configured: true","timestamp":"2026-05-06T20:08:22.225Z"}
{"level":"info","message":"Starting credit reminder scheduler (hourly)","timestamp":"2026-05-06T20:08:24.889Z"}
{"level":"info","message":"Starting credit invoice reminder processing...","timestamp":"2026-05-06T20:08:54.888Z"}
{"level":"info","message":"Found 0 credit invoices due for reminder","timestamp":"2026-05-06T20:08:54.899Z"}
{"level":"info","message":"Credit invoice reminder processing completed","timestamp":"2026-05-06T20:08:54.900Z"}
{"level":"info","message":"Registered carrier adapter: FedEx (FEDEX) - configured: true","timestamp":"2026-05-06T20:35:50.832Z"}
{"level":"info","message":"Registered carrier adapter: FedEx (FEDEX) - configured: true","timestamp":"2026-05-06T20:35:50.834Z"}
{"level":"info","message":"Registered carrier adapter: DHL (DHL) - configured: true","timestamp":"2026-05-06T20:35:50.834Z"}
{"level":"info","message":"Starting credit reminder scheduler (hourly)","timestamp":"2026-05-06T20:35:52.631Z"}
{"level":"info","message":"Starting credit invoice reminder processing...","timestamp":"2026-05-06T20:36:22.631Z"}
{"level":"info","message":"Found 0 credit invoices due for reminder","timestamp":"2026-05-06T20:36:22.639Z"}
{"level":"info","message":"Credit invoice reminder processing completed","timestamp":"2026-05-06T20:36:22.639Z"}
