{"level":"info","message":"Starting credit invoice reminder processing...","timestamp":"2026-05-02T21:34:42.111Z"}
{"level":"info","message":"Cleared expired idempotency records","timestamp":"2026-05-02T21:34:42.364Z"}
{"level":"info","message":"Found 0 credit invoices due for reminder","timestamp":"2026-05-02T21:34:42.366Z"}
{"level":"info","message":"Credit invoice reminder processing completed","timestamp":"2026-05-02T21:34:42.366Z"}
{"level":"info","message":"Starting credit invoice reminder processing...","timestamp":"2026-05-02T22:34:42.181Z"}
{"level":"info","message":"Cleared expired idempotency records","timestamp":"2026-05-02T22:34:42.204Z"}
{"level":"info","message":"Found 0 credit invoices due for reminder","timestamp":"2026-05-02T22:34:42.208Z"}
{"level":"info","message":"Credit invoice reminder processing completed","timestamp":"2026-05-02T22:34:42.209Z"}
{"level":"info","message":"Starting credit invoice reminder processing...","timestamp":"2026-05-02T23:35:07.728Z"}
{"level":"info","message":"Cleared expired idempotency records","timestamp":"2026-05-02T23:35:07.889Z"}
{"level":"info","message":"Found 0 credit invoices due for reminder","timestamp":"2026-05-02T23:35:07.893Z"}
{"level":"info","message":"Credit invoice reminder processing completed","timestamp":"2026-05-02T23:35:07.893Z"}
{"level":"info","message":"Starting credit invoice reminder processing...","timestamp":"2026-05-03T00:35:07.747Z"}
{"level":"info","message":"Cleared expired idempotency records","timestamp":"2026-05-03T00:35:07.801Z"}
{"level":"info","message":"Found 0 credit invoices due for reminder","timestamp":"2026-05-03T00:35:07.811Z"}
{"level":"info","message":"Credit invoice reminder processing completed","timestamp":"2026-05-03T00:35:07.811Z"}
{"level":"info","message":"Cleared expired idempotency records","timestamp":"2026-05-03T01:35:07.816Z"}
{"level":"info","message":"Starting credit invoice reminder processing...","timestamp":"2026-05-03T01:35:07.838Z"}
{"level":"info","message":"Found 0 credit invoices due for reminder","timestamp":"2026-05-03T01:35:07.845Z"}
{"level":"info","message":"Credit invoice reminder processing completed","timestamp":"2026-05-03T01:35:07.847Z"}
{"level":"info","message":"Starting credit invoice reminder processing...","timestamp":"2026-05-03T02:35:07.937Z"}
{"level":"info","message":"Cleared expired idempotency records","timestamp":"2026-05-03T02:35:07.954Z"}
{"level":"info","message":"Found 0 credit invoices due for reminder","timestamp":"2026-05-03T02:35:07.961Z"}
{"level":"info","message":"Credit invoice reminder processing completed","timestamp":"2026-05-03T02:35:07.961Z"}
{"level":"info","message":"Registered carrier adapter: FedEx (FEDEX) - configured: false","timestamp":"2026-05-03T03:05:35.491Z"}
{"level":"info","message":"Registered carrier adapter: FedEx (FEDEX) - configured: false","timestamp":"2026-05-03T03:05:35.495Z"}
{"level":"info","message":"Registered carrier adapter: DHL (DHL) - configured: true","timestamp":"2026-05-03T03:05:35.495Z"}
{"level":"info","message":"Registered carrier adapter: FedEx (FEDEX) - configured: false","timestamp":"2026-05-03T03:05:35.491Z"}
{"level":"info","message":"Registered carrier adapter: FedEx (FEDEX) - configured: false","timestamp":"2026-05-03T03:05:35.495Z"}
{"level":"info","message":"Registered carrier adapter: DHL (DHL) - configured: true","timestamp":"2026-05-03T03:05:35.495Z"}
{"level":"info","message":"Starting credit reminder scheduler (hourly)","timestamp":"2026-05-03T03:05:39.756Z"}
{"level":"info","message":"Starting credit invoice reminder processing...","timestamp":"2026-05-03T03:06:09.758Z"}
{"level":"info","message":"Found 0 credit invoices due for reminder","timestamp":"2026-05-03T03:06:09.920Z"}
{"level":"info","message":"Credit invoice reminder processing completed","timestamp":"2026-05-03T03:06:09.920Z"}
