{"level":"info","message":"Starting credit invoice reminder processing...","timestamp":"2026-06-02T21:43:40.358Z"}
{"level":"info","message":"Cleared expired idempotency records","timestamp":"2026-06-02T21:43:40.634Z"}
{"level":"info","message":"Marked credit invoice e9ebafa5-a398-4751-bc10-a87dc59ca641 as OVERDUE","timestamp":"2026-06-02T21:43:40.942Z"}
{"level":"info","message":"Marked credit invoice 65e1721c-c7c6-44d3-8a02-4f28ed3ef146 as OVERDUE","timestamp":"2026-06-02T21:43:41.002Z"}
{"level":"info","message":"Marked credit invoice 065acf66-daff-4e58-b552-8194458b8dba as OVERDUE","timestamp":"2026-06-02T21:43:41.028Z"}
{"level":"info","message":"Marked credit invoice 48dace8a-ee33-4ebe-aaa3-a392753a17d4 as OVERDUE","timestamp":"2026-06-02T21:43:41.047Z"}
{"level":"info","message":"Marked credit invoice 4762ab08-e384-46b1-b158-6c8c71e90f57 as OVERDUE","timestamp":"2026-06-02T21:43:41.053Z"}
{"level":"info","message":"Found 5 credit invoices due for reminder","timestamp":"2026-06-02T21:43:41.057Z"}
{"level":"info","message":"Email service not configured - SMTP credentials missing","timestamp":"2026-06-02T21:43:41.209Z"}
{"level":"info","message":"Email not sent - service not configured","subject":"REMINDER - Shipment EZH498039962 - SAR 117.59","timestamp":"2026-06-02T21:43:41.210Z","to":"demo@company.com"}
{"level":"info","message":"Sent reminder #3 for credit invoice e9ebafa5-a398-4751-bc10-a87dc59ca641","timestamp":"2026-06-02T21:43:41.309Z"}
{"level":"info","message":"Email service not configured - SMTP credentials missing","timestamp":"2026-06-02T21:43:41.531Z"}
{"level":"info","message":"Email not sent - service not configured","subject":"REMINDER - Shipment EZH961587642 - USD 396.18","timestamp":"2026-06-02T21:43:41.531Z","to":"demo@company.com"}
{"level":"info","message":"Sent reminder #3 for credit invoice 65e1721c-c7c6-44d3-8a02-4f28ed3ef146","timestamp":"2026-06-02T21:43:41.618Z"}
{"level":"info","message":"Email service not configured - SMTP credentials missing","timestamp":"2026-06-02T21:43:41.799Z"}
{"level":"info","message":"Email not sent - service not configured","subject":"REMINDER - Shipment EZH212889404 - SAR 1115.76","timestamp":"2026-06-02T21:43:41.799Z","to":"test_client_1777842205688@test.com"}
{"level":"info","message":"Sent reminder #3 for credit invoice 48dace8a-ee33-4ebe-aaa3-a392753a17d4","timestamp":"2026-06-02T21:43:41.867Z"}
{"level":"info","message":"Email service not configured - SMTP credentials missing","timestamp":"2026-06-02T21:43:41.965Z"}
{"level":"info","message":"Email not sent - service not configured","subject":"REMINDER - Shipment EZH975542931 - USD 396.18","timestamp":"2026-06-02T21:43:41.965Z","to":"test_client_1777842205688@test.com"}
{"level":"info","message":"Sent reminder #3 for credit invoice 065acf66-daff-4e58-b552-8194458b8dba","timestamp":"2026-06-02T21:43:41.994Z"}
{"level":"info","message":"Email service not configured - SMTP credentials missing","timestamp":"2026-06-02T21:43:42.025Z"}
{"level":"info","message":"Email not sent - service not configured","subject":"REMINDER - Shipment EZH378618370 - SAR 44.40","timestamp":"2026-06-02T21:43:42.026Z","to":"demo@company.com"}
{"level":"info","message":"Sent reminder #3 for credit invoice 4762ab08-e384-46b1-b158-6c8c71e90f57","timestamp":"2026-06-02T21:43:42.032Z"}
{"level":"info","message":"Credit invoice reminder processing completed","timestamp":"2026-06-02T21:43:42.032Z"}
{"level":"info","message":"Cleared expired idempotency records","timestamp":"2026-06-02T22:43:40.383Z"}
{"level":"info","message":"Starting credit invoice reminder processing...","timestamp":"2026-06-02T22:43:40.397Z"}
{"level":"info","message":"Found 0 credit invoices due for reminder","timestamp":"2026-06-02T22:43:40.454Z"}
{"level":"info","message":"Credit invoice reminder processing completed","timestamp":"2026-06-02T22:43:40.456Z"}
{"level":"info","message":"Starting credit invoice reminder processing...","timestamp":"2026-06-02T23:43:40.775Z"}
{"level":"info","message":"Cleared expired idempotency records","timestamp":"2026-06-02T23:43:40.972Z"}
{"level":"info","message":"Found 0 credit invoices due for reminder","timestamp":"2026-06-02T23:43:40.981Z"}
{"level":"info","message":"Credit invoice reminder processing completed","timestamp":"2026-06-02T23:43:40.984Z"}
{"level":"info","message":"Starting credit invoice reminder processing...","timestamp":"2026-06-03T01:56:53.952Z"}
{"level":"info","message":"Cleared expired idempotency records","timestamp":"2026-06-03T01:56:54.085Z"}
{"level":"info","message":"Found 0 credit invoices due for reminder","timestamp":"2026-06-03T01:56:54.093Z"}
{"level":"info","message":"Credit invoice reminder processing completed","timestamp":"2026-06-03T01:56:54.094Z"}
{"level":"info","message":"Starting credit invoice reminder processing...","timestamp":"2026-06-03T10:58:57.850Z"}
{"level":"info","message":"Cleared expired idempotency records","timestamp":"2026-06-03T10:59:00.456Z"}
{"level":"info","message":"Marked credit invoice f061d069-352c-4f2d-9aa5-c65e7be80923 as OVERDUE","timestamp":"2026-06-03T10:59:00.901Z"}
{"level":"info","message":"Found 1 credit invoices due for reminder","timestamp":"2026-06-03T10:59:00.919Z"}
{"level":"info","message":"Email service not configured - SMTP credentials missing","timestamp":"2026-06-03T10:59:01.982Z"}
{"level":"info","message":"Email not sent - service not configured","subject":"REMINDER - Shipment EZH065994878 - USD 396.18","timestamp":"2026-06-03T10:59:01.984Z","to":"demo@company.com"}
{"level":"info","message":"Sent reminder #3 for credit invoice f061d069-352c-4f2d-9aa5-c65e7be80923","timestamp":"2026-06-03T10:59:02.483Z"}
{"level":"info","message":"Credit invoice reminder processing completed","timestamp":"2026-06-03T10:59:02.486Z"}
{"level":"info","message":"Cleared expired idempotency records","timestamp":"2026-06-03T11:58:58.052Z"}
{"level":"info","message":"Starting credit invoice reminder processing...","timestamp":"2026-06-03T11:58:58.298Z"}
{"level":"info","message":"Found 0 credit invoices due for reminder","timestamp":"2026-06-03T11:58:58.354Z"}
{"level":"info","message":"Credit invoice reminder processing completed","timestamp":"2026-06-03T11:58:58.354Z"}
{"clientAccountId":"6cc318b1-9014-409a-a8de-a636384eb5ac","event":"offer_expired","expiresAt":"2026-06-03T11:54:28.876Z","level":"info","message":"Abandoned recovery offer expired","recoveryId":"6f094bf4-6f67-4287-b3dc-1ede8972eb35","shipmentId":"e641b610-c4f3-4b42-ac61-3b2ac0d4e265","source":"abandoned_recovery","timestamp":"2026-06-03T11:58:58.428Z"}
{"clientAccountId":"db61f786-2ae4-4a9e-a841-a269b4d622fe","event":"offer_expired","expiresAt":"2026-06-03T11:53:15.591Z","level":"info","message":"Abandoned recovery offer expired","recoveryId":"30c7c5ef-9dbe-434c-8720-b94b19a25e2c","shipmentId":"e910bd8b-471b-4b06-870b-4321dcc79f61","source":"abandoned_recovery","timestamp":"2026-06-03T11:58:58.435Z"}
{"clientAccountId":"d3be4591-504b-463d-a4e1-404741e71ddd","event":"offer_expired","expiresAt":"2026-06-03T11:51:43.744Z","level":"info","message":"Abandoned recovery offer expired","recoveryId":"6639abdf-8696-4a6f-aee9-eb1f3067153f","shipmentId":"e7692c12-f068-4397-a44f-1085de9eb8b8","source":"abandoned_recovery","timestamp":"2026-06-03T11:58:58.438Z"}
{"clientAccountId":"c1a3faaf-e60c-43c5-994c-57934a84dd2b","event":"offer_expired","expiresAt":"2026-06-03T11:46:17.055Z","level":"info","message":"Abandoned recovery offer expired","recoveryId":"ff9c04ea-4a6f-4479-b538-fb74fcaeaef2","shipmentId":"61585a68-9062-4a99-b2f2-30e6c05d586c","source":"abandoned_recovery","timestamp":"2026-06-03T11:58:58.448Z"}
{"clientAccountId":"210f9da5-910c-4eb6-8d03-71e8fa3dad7f","event":"offer_expired","expiresAt":"2026-06-03T11:45:33.705Z","level":"info","message":"Abandoned recovery offer expired","recoveryId":"0919ff79-c2f0-4880-925f-8756447d8c8c","shipmentId":"a8e7a979-ea3d-4312-899c-d4fb4ab281f5","source":"abandoned_recovery","timestamp":"2026-06-03T11:58:58.454Z"}
{"clientAccountId":"4ec25335-d8d7-47c2-b03c-3f000273acaa","event":"offer_expired","expiresAt":"2026-06-03T11:20:00.857Z","level":"info","message":"Abandoned recovery offer expired","recoveryId":"ed72c919-b292-48f2-9e83-6f0f9626334b","shipmentId":"0c547483-9c1c-48b6-8aa8-7ea1978bf158","source":"abandoned_recovery","timestamp":"2026-06-03T11:58:58.458Z"}
{"clientAccountId":"82cff856-11c5-4601-892d-d61a85cc8a6f","event":"offer_expired","expiresAt":"2026-06-03T11:19:20.723Z","level":"info","message":"Abandoned recovery offer expired","recoveryId":"24e31e0a-e68d-4241-b2e1-d073b4baea59","shipmentId":"eb0293e1-9fd4-4843-a021-92bee35e7d51","source":"abandoned_recovery","timestamp":"2026-06-03T11:58:58.461Z"}
{"clientAccountId":"e1278d30-9bbb-48aa-8b7d-a4461edc8820","event":"offer_expired","expiresAt":"2026-06-03T11:09:54.813Z","level":"info","message":"Abandoned recovery offer expired","recoveryId":"75a48fe4-63e2-4575-b184-7caca0a1cc48","shipmentId":"fad608ce-8b5c-41b9-9a32-cd19e6d0f6e0","source":"abandoned_recovery","timestamp":"2026-06-03T11:58:58.463Z"}
{"clientAccountId":"8cefd338-37cc-4174-8771-0690c7be530f","event":"offer_expired","expiresAt":"2026-06-03T11:08:36.119Z","level":"info","message":"Abandoned recovery offer expired","recoveryId":"461c0bd6-6248-43e0-8bdf-99fce34c4e08","shipmentId":"439bf33e-134c-4f3c-b135-fc25cec88bdd","source":"abandoned_recovery","timestamp":"2026-06-03T11:58:58.466Z"}
{"clientAccountId":"1da752b7-099b-4c63-8715-80edd885ab9a","event":"offer_expired","expiresAt":"2026-06-03T11:05:19.280Z","level":"info","message":"Abandoned recovery offer expired","recoveryId":"2266dbb4-d548-4f99-b8eb-f6b17d10fea7","shipmentId":"3273f646-ae90-419d-a709-bf1a4c510589","source":"abandoned_recovery","timestamp":"2026-06-03T11:58:58.474Z"}
{"clientAccountId":"6a81403d-6ae5-409e-b558-92e51af596ad","event":"offer_expired","expiresAt":"2026-06-03T11:03:19.576Z","level":"info","message":"Abandoned recovery offer expired","recoveryId":"c48f6267-8a45-48bc-9936-d4ee04cacc04","shipmentId":"0cb2e44a-1363-47ba-95dd-6106a723a138","source":"abandoned_recovery","timestamp":"2026-06-03T11:58:58.481Z"}
{"clientAccountId":"63239207-5a5e-471d-8343-51566b9cfa4c","event":"offer_expired","expiresAt":"2026-06-03T11:01:41.877Z","level":"info","message":"Abandoned recovery offer expired","recoveryId":"a1a13fa6-ad48-4b15-99dd-db80d0c9d7e3","shipmentId":"1b67e566-a33a-455a-8059-4b2d112fed31","source":"abandoned_recovery","timestamp":"2026-06-03T11:58:58.492Z"}
{"clientAccountId":"bc49d4bf-f816-42cd-8834-f77061f7ee21","event":"offer_expired","expiresAt":"2026-06-03T10:59:29.416Z","level":"info","message":"Abandoned recovery offer expired","recoveryId":"cf6918ea-13a3-4f50-9598-4df727564206","shipmentId":"11d5f977-db79-42d3-b9d1-cd19f68237c1","source":"abandoned_recovery","timestamp":"2026-06-03T11:58:58.504Z"}
{"level":"info","message":"Expired 13 abandoned shipment recovery discount offers","timestamp":"2026-06-03T11:58:58.504Z"}
{"body":"{\"transactionId\": \"e253e962-3f1f-4921-8f0e-459db3944b5c\",\"errors\":[{\"code\":\"NOT.FOUND.ERROR\",\"message\":\"The resource you requested is no longer available. Please modify your request and try again.\"}]}","level":"info","message":"FedEx HS lookup: API returned non-200, using fallback","status":404,"timestamp":"2026-06-03T11:59:20.144Z"}
{"body":"{\"transactionId\": \"91567173-04bd-415d-928e-25130a409a49\",\"errors\":[{\"code\":\"NOT.FOUND.ERROR\",\"message\":\"The resource you requested is no longer available. Please modify your request and try again.\"}]}","level":"info","message":"FedEx HS lookup: API returned non-200, using fallback","status":404,"timestamp":"2026-06-03T11:59:20.166Z"}
{"body":"{\"transactionId\": \"4dbc74b0-8665-4574-bdb1-4137875d6185\",\"errors\":[{\"code\":\"NOT.FOUND.ERROR\",\"message\":\"The resource you requested is no longer available. Please modify your request and try again.\"}]}","level":"info","message":"FedEx HS lookup: API returned non-200, using fallback","status":404,"timestamp":"2026-06-03T11:59:20.772Z"}
{"body":"{\"transactionId\": \"f99a6e39-6e1d-4810-b2b6-940c4e9288a6\",\"errors\":[{\"code\":\"NOT.FOUND.ERROR\",\"message\":\"The resource you requested is no longer available. Please modify your request and try again.\"}]}","level":"info","message":"FedEx HS lookup: API returned non-200, using fallback","status":404,"timestamp":"2026-06-03T11:59:21.016Z"}
{"level":"info","message":"Cleared expired idempotency records","timestamp":"2026-06-03T12:58:58.237Z"}
{"level":"info","message":"Starting credit invoice reminder processing...","timestamp":"2026-06-03T12:58:58.288Z"}
{"level":"info","message":"Found 0 credit invoices due for reminder","timestamp":"2026-06-03T12:58:58.368Z"}
{"level":"info","message":"Credit invoice reminder processing completed","timestamp":"2026-06-03T12:58:58.369Z"}
