{"level":"info","message":"Starting credit invoice reminder processing...","timestamp":"2026-04-22T22:51:18.694Z"}
{"level":"info","message":"Cleared expired idempotency records","timestamp":"2026-04-22T22:51:18.827Z"}
{"level":"info","message":"Found 0 credit invoices due for reminder","timestamp":"2026-04-22T22:51:18.829Z"}
{"level":"info","message":"Credit invoice reminder processing completed","timestamp":"2026-04-22T22:51:18.829Z"}
{"level":"info","message":"Starting credit invoice reminder processing...","timestamp":"2026-04-22T23:51:18.795Z"}
{"level":"info","message":"Cleared expired idempotency records","timestamp":"2026-04-22T23:51:18.813Z"}
{"level":"info","message":"Found 0 credit invoices due for reminder","timestamp":"2026-04-22T23:51:18.815Z"}
{"level":"info","message":"Credit invoice reminder processing completed","timestamp":"2026-04-22T23:51:18.815Z"}
{"level":"info","message":"Starting credit invoice reminder processing...","timestamp":"2026-04-23T00:51:42.230Z"}
{"level":"info","message":"Cleared expired idempotency records","timestamp":"2026-04-23T00:51:42.323Z"}
{"level":"info","message":"Found 0 credit invoices due for reminder","timestamp":"2026-04-23T00:51:42.331Z"}
{"level":"info","message":"Credit invoice reminder processing completed","timestamp":"2026-04-23T00:51:42.333Z"}
{"level":"info","message":"Starting credit invoice reminder processing...","timestamp":"2026-04-23T02:08:51.771Z"}
{"level":"info","message":"Cleared expired idempotency records","timestamp":"2026-04-23T02:08:51.868Z"}
{"level":"info","message":"Found 0 credit invoices due for reminder","timestamp":"2026-04-23T02:08:51.870Z"}
{"level":"info","message":"Credit invoice reminder processing completed","timestamp":"2026-04-23T02:08:51.870Z"}
{"level":"info","message":"Starting credit invoice reminder processing...","timestamp":"2026-04-23T03:09:57.685Z"}
{"level":"info","message":"Cleared expired idempotency records","timestamp":"2026-04-23T03:09:59.138Z"}
{"level":"info","message":"Found 0 credit invoices due for reminder","timestamp":"2026-04-23T03:09:59.138Z"}
{"level":"info","message":"Credit invoice reminder processing completed","timestamp":"2026-04-23T03:09:59.138Z"}
{"level":"info","message":"Starting credit invoice reminder processing...","timestamp":"2026-04-23T04:11:05.174Z"}
{"level":"info","message":"Cleared expired idempotency records","timestamp":"2026-04-23T04:11:06.835Z"}
{"level":"info","message":"Found 0 credit invoices due for reminder","timestamp":"2026-04-23T04:11:06.843Z"}
{"level":"info","message":"Credit invoice reminder processing completed","timestamp":"2026-04-23T04:11:06.843Z"}
{"level":"info","message":"Starting credit invoice reminder processing...","timestamp":"2026-04-23T05:12:12.965Z"}
{"level":"info","message":"Cleared expired idempotency records","timestamp":"2026-04-23T05:12:14.875Z"}
{"level":"info","message":"Found 0 credit invoices due for reminder","timestamp":"2026-04-23T05:12:14.880Z"}
{"level":"info","message":"Credit invoice reminder processing completed","timestamp":"2026-04-23T05:12:14.880Z"}
{"level":"info","message":"Starting credit invoice reminder processing...","timestamp":"2026-04-23T06:13:20.009Z"}
{"level":"info","message":"Cleared expired idempotency records","timestamp":"2026-04-23T06:13:21.677Z"}
{"level":"info","message":"Found 0 credit invoices due for reminder","timestamp":"2026-04-23T06:13:21.685Z"}
{"level":"info","message":"Credit invoice reminder processing completed","timestamp":"2026-04-23T06:13:21.685Z"}
{"level":"info","message":"Starting credit invoice reminder processing...","timestamp":"2026-04-23T07:14:28.200Z"}
{"level":"info","message":"Cleared expired idempotency records","timestamp":"2026-04-23T07:14:30.220Z"}
{"level":"info","message":"Found 0 credit invoices due for reminder","timestamp":"2026-04-23T07:14:30.223Z"}
{"level":"info","message":"Credit invoice reminder processing completed","timestamp":"2026-04-23T07:14:30.224Z"}
{"level":"info","message":"Starting credit invoice reminder processing...","timestamp":"2026-04-23T08:15:35.283Z"}
{"level":"info","message":"Cleared expired idempotency records","timestamp":"2026-04-23T08:15:36.946Z"}
{"level":"info","message":"Found 0 credit invoices due for reminder","timestamp":"2026-04-23T08:15:36.947Z"}
{"level":"info","message":"Credit invoice reminder processing completed","timestamp":"2026-04-23T08:15:36.947Z"}
{"level":"info","message":"Starting credit invoice reminder processing...","timestamp":"2026-04-23T09:16:41.998Z"}
{"level":"info","message":"Cleared expired idempotency records","timestamp":"2026-04-23T09:16:43.613Z"}
{"level":"info","message":"Found 0 credit invoices due for reminder","timestamp":"2026-04-23T09:16:43.618Z"}
{"level":"info","message":"Credit invoice reminder processing completed","timestamp":"2026-04-23T09:16:43.619Z"}
{"level":"info","message":"Starting credit invoice reminder processing...","timestamp":"2026-04-23T10:17:48.986Z"}
{"level":"info","message":"Cleared expired idempotency records","timestamp":"2026-04-23T10:17:50.681Z"}
{"level":"info","message":"Found 0 credit invoices due for reminder","timestamp":"2026-04-23T10:17:50.685Z"}
{"level":"info","message":"Credit invoice reminder processing completed","timestamp":"2026-04-23T10:17:50.686Z"}
{"level":"info","message":"Starting credit invoice reminder processing...","timestamp":"2026-04-23T11:18:56.041Z"}
{"level":"info","message":"Cleared expired idempotency records","timestamp":"2026-04-23T11:18:57.804Z"}
{"level":"info","message":"Found 0 credit invoices due for reminder","timestamp":"2026-04-23T11:18:57.815Z"}
{"level":"info","message":"Credit invoice reminder processing completed","timestamp":"2026-04-23T11:18:57.815Z"}
{"level":"info","message":"Starting credit invoice reminder processing...","timestamp":"2026-04-23T12:19:58.984Z"}
{"level":"info","message":"Cleared expired idempotency records","timestamp":"2026-04-23T12:19:59.050Z"}
{"level":"info","message":"Found 0 credit invoices due for reminder","timestamp":"2026-04-23T12:19:59.053Z"}
{"level":"info","message":"Credit invoice reminder processing completed","timestamp":"2026-04-23T12:19:59.060Z"}
{"level":"info","message":"Cleared expired idempotency records","timestamp":"2026-04-23T13:19:59.012Z"}
{"level":"info","message":"Starting credit invoice reminder processing...","timestamp":"2026-04-23T13:19:59.060Z"}
{"level":"info","message":"Found 0 credit invoices due for reminder","timestamp":"2026-04-23T13:19:59.065Z"}
{"level":"info","message":"Credit invoice reminder processing completed","timestamp":"2026-04-23T13:19:59.065Z"}
{"level":"info","message":"Starting credit invoice reminder processing...","timestamp":"2026-04-23T14:33:34.340Z"}
{"level":"info","message":"Cleared expired idempotency records","timestamp":"2026-04-23T14:33:34.430Z"}
{"level":"info","message":"Found 0 credit invoices due for reminder","timestamp":"2026-04-23T14:33:34.433Z"}
{"level":"info","message":"Credit invoice reminder processing completed","timestamp":"2026-04-23T14:33:34.433Z"}
{"level":"info","message":"Cleared expired idempotency records","timestamp":"2026-04-23T15:33:34.574Z"}
{"level":"info","message":"Starting credit invoice reminder processing...","timestamp":"2026-04-23T15:33:34.621Z"}
{"level":"info","message":"Found 0 credit invoices due for reminder","timestamp":"2026-04-23T15:33:34.630Z"}
{"level":"info","message":"Credit invoice reminder processing completed","timestamp":"2026-04-23T15:33:34.631Z"}
{"level":"info","message":"Registered carrier adapter: FedEx (FEDEX) - configured: false","timestamp":"2026-04-23T16:04:22.837Z"}
{"level":"info","message":"Registered carrier adapter: FedEx (FEDEX) - configured: false","timestamp":"2026-04-23T16:04:22.839Z"}
{"level":"info","message":"Registered carrier adapter: DHL (DHL) - configured: true","timestamp":"2026-04-23T16:04:22.839Z"}
{"level":"info","message":"Starting credit reminder scheduler (hourly)","timestamp":"2026-04-23T16:04:25.032Z"}
{"level":"info","message":"Starting credit invoice reminder processing...","timestamp":"2026-04-23T16:04:55.037Z"}
{"level":"info","message":"Found 0 credit invoices due for reminder","timestamp":"2026-04-23T16:04:55.049Z"}
{"level":"info","message":"Credit invoice reminder processing completed","timestamp":"2026-04-23T16:04:55.049Z"}
{"level":"info","message":"Registered carrier adapter: FedEx (FEDEX) - configured: false","timestamp":"2026-04-23T16:05:09.646Z"}
{"level":"info","message":"Registered carrier adapter: FedEx (FEDEX) - configured: false","timestamp":"2026-04-23T16:05:09.648Z"}
{"level":"info","message":"Registered carrier adapter: DHL (DHL) - configured: true","timestamp":"2026-04-23T16:05:09.648Z"}
{"level":"info","message":"Starting credit reminder scheduler (hourly)","timestamp":"2026-04-23T16:05:10.921Z"}
{"level":"info","message":"Starting credit invoice reminder processing...","timestamp":"2026-04-23T16:05:40.923Z"}
{"level":"info","message":"Found 0 credit invoices due for reminder","timestamp":"2026-04-23T16:05:40.931Z"}
{"level":"info","message":"Credit invoice reminder processing completed","timestamp":"2026-04-23T16:05:40.931Z"}
{"level":"info","message":"Registered carrier adapter: FedEx (FEDEX) - configured: false","timestamp":"2026-04-23T16:06:21.839Z"}
{"level":"info","message":"Registered carrier adapter: FedEx (FEDEX) - configured: false","timestamp":"2026-04-23T16:06:21.840Z"}
{"level":"info","message":"Registered carrier adapter: DHL (DHL) - configured: true","timestamp":"2026-04-23T16:06:21.841Z"}
{"level":"info","message":"Starting credit reminder scheduler (hourly)","timestamp":"2026-04-23T16:06:23.247Z"}
{"level":"info","message":"Starting credit invoice reminder processing...","timestamp":"2026-04-23T16:06:53.249Z"}
{"level":"info","message":"Found 0 credit invoices due for reminder","timestamp":"2026-04-23T16:06:53.259Z"}
{"level":"info","message":"Credit invoice reminder processing completed","timestamp":"2026-04-23T16:06:53.259Z"}
