{"level":"info","message":"Starting credit reminder scheduler (hourly)","timestamp":"2026-05-23T21:00:00.042Z"}
{"level":"info","message":"Starting credit invoice reminder processing...","timestamp":"2026-05-23T21:00:30.047Z"}
{"level":"info","message":"Found 0 credit invoices due for reminder","timestamp":"2026-05-23T21:00:30.056Z"}
{"level":"info","message":"Credit invoice reminder processing completed","timestamp":"2026-05-23T21:00:30.056Z"}
{"level":"info","message":"Registered carrier adapter: FedEx (FEDEX) - configured: true","timestamp":"2026-05-23T21:01:01.108Z"}
{"level":"info","message":"Registered carrier adapter: FedEx (FEDEX) - configured: true","timestamp":"2026-05-23T21:01:01.110Z"}
{"level":"info","message":"Registered carrier adapter: DHL (DHL) - configured: true","timestamp":"2026-05-23T21:01:01.110Z"}
{"level":"info","message":"Registered carrier adapter: Aramex (ARAMEX) - configured: false","timestamp":"2026-05-23T21:01:01.111Z"}
{"level":"info","message":"Registered carrier adapter: FedEx (FEDEX) - configured: true","timestamp":"2026-05-23T21:01:01.111Z"}
{"level":"info","message":"Registered carrier adapter: FedEx (FEDEX) - configured: true","timestamp":"2026-05-23T21:01:01.113Z"}
{"level":"info","message":"Registered carrier adapter: DHL (DHL) - configured: true","timestamp":"2026-05-23T21:01:01.113Z"}
{"level":"info","message":"Registered carrier adapter: Aramex (ARAMEX) - configured: false","timestamp":"2026-05-23T21:01:01.114Z"}
{"level":"info","message":"Registered carrier adapter: FedEx (FEDEX) - configured: true","timestamp":"2026-05-23T21:01:01.276Z"}
{"level":"info","message":"Registered carrier adapter: FedEx (FEDEX) - configured: true","timestamp":"2026-05-23T21:01:01.278Z"}
{"level":"info","message":"Registered carrier adapter: DHL (DHL) - configured: true","timestamp":"2026-05-23T21:01:01.278Z"}
{"level":"info","message":"Registered carrier adapter: Aramex (ARAMEX) - configured: false","timestamp":"2026-05-23T21:01:01.278Z"}
{"level":"info","message":"Starting credit reminder scheduler (hourly)","timestamp":"2026-05-23T21:01:02.863Z"}
{"level":"info","message":"Starting credit invoice reminder processing...","timestamp":"2026-05-23T21:01:32.865Z"}
{"level":"info","message":"Found 0 credit invoices due for reminder","timestamp":"2026-05-23T21:01:32.876Z"}
{"level":"info","message":"Credit invoice reminder processing completed","timestamp":"2026-05-23T21:01:32.877Z"}
{"level":"info","message":"Registered carrier adapter: FedEx (FEDEX) - configured: true","timestamp":"2026-05-23T21:09:32.247Z"}
{"level":"info","message":"Registered carrier adapter: FedEx (FEDEX) - configured: true","timestamp":"2026-05-23T21:09:32.249Z"}
{"level":"info","message":"Registered carrier adapter: DHL (DHL) - configured: true","timestamp":"2026-05-23T21:09:32.250Z"}
{"level":"info","message":"Registered carrier adapter: Aramex (ARAMEX) - configured: false","timestamp":"2026-05-23T21:09:32.250Z"}
{"level":"info","message":"Registered carrier adapter: FedEx (FEDEX) - configured: true","timestamp":"2026-05-23T21:09:32.247Z"}
{"level":"info","message":"Registered carrier adapter: FedEx (FEDEX) - configured: true","timestamp":"2026-05-23T21:09:32.249Z"}
{"level":"info","message":"Registered carrier adapter: DHL (DHL) - configured: true","timestamp":"2026-05-23T21:09:32.250Z"}
{"level":"info","message":"Registered carrier adapter: Aramex (ARAMEX) - configured: false","timestamp":"2026-05-23T21:09:32.250Z"}
{"level":"info","message":"Registered carrier adapter: FedEx (FEDEX) - configured: true","timestamp":"2026-05-23T21:09:32.247Z"}
{"level":"info","message":"Registered carrier adapter: FedEx (FEDEX) - configured: true","timestamp":"2026-05-23T21:09:32.249Z"}
{"level":"info","message":"Registered carrier adapter: DHL (DHL) - configured: true","timestamp":"2026-05-23T21:09:32.250Z"}
{"level":"info","message":"Registered carrier adapter: Aramex (ARAMEX) - configured: false","timestamp":"2026-05-23T21:09:32.250Z"}
{"level":"info","message":"Starting credit reminder scheduler (hourly)","timestamp":"2026-05-23T21:09:34.061Z"}
{"level":"info","message":"Starting credit invoice reminder processing...","timestamp":"2026-05-23T21:10:04.062Z"}
{"level":"info","message":"Found 0 credit invoices due for reminder","timestamp":"2026-05-23T21:10:04.074Z"}
{"level":"info","message":"Credit invoice reminder processing completed","timestamp":"2026-05-23T21:10:04.074Z"}
{"level":"info","message":"Registered carrier adapter: FedEx (FEDEX) - configured: true","timestamp":"2026-05-23T21:10:11.540Z"}
{"level":"info","message":"Registered carrier adapter: FedEx (FEDEX) - configured: true","timestamp":"2026-05-23T21:10:11.542Z"}
{"level":"info","message":"Registered carrier adapter: DHL (DHL) - configured: true","timestamp":"2026-05-23T21:10:11.543Z"}
{"level":"info","message":"Registered carrier adapter: Aramex (ARAMEX) - configured: false","timestamp":"2026-05-23T21:10:11.543Z"}
{"level":"info","message":"Registered carrier adapter: FedEx (FEDEX) - configured: true","timestamp":"2026-05-23T21:10:11.516Z"}
{"level":"info","message":"Registered carrier adapter: FedEx (FEDEX) - configured: true","timestamp":"2026-05-23T21:10:11.518Z"}
{"level":"info","message":"Registered carrier adapter: DHL (DHL) - configured: true","timestamp":"2026-05-23T21:10:11.518Z"}
{"level":"info","message":"Registered carrier adapter: Aramex (ARAMEX) - configured: false","timestamp":"2026-05-23T21:10:11.519Z"}
{"level":"info","message":"Registered carrier adapter: FedEx (FEDEX) - configured: true","timestamp":"2026-05-23T21:10:11.616Z"}
{"level":"info","message":"Registered carrier adapter: FedEx (FEDEX) - configured: true","timestamp":"2026-05-23T21:10:11.619Z"}
{"level":"info","message":"Registered carrier adapter: DHL (DHL) - configured: true","timestamp":"2026-05-23T21:10:11.619Z"}
{"level":"info","message":"Registered carrier adapter: Aramex (ARAMEX) - configured: false","timestamp":"2026-05-23T21:10:11.620Z"}
{"level":"info","message":"Starting credit reminder scheduler (hourly)","timestamp":"2026-05-23T21:10:13.048Z"}
{"level":"info","message":"Starting abandoned recovery scheduler (hourly)","timestamp":"2026-05-23T21:10:13.049Z"}
{"level":"info","message":"Registered carrier adapter: FedEx (FEDEX) - configured: true","timestamp":"2026-05-23T21:10:23.346Z"}
{"level":"info","message":"Registered carrier adapter: FedEx (FEDEX) - configured: true","timestamp":"2026-05-23T21:10:23.348Z"}
{"level":"info","message":"Registered carrier adapter: DHL (DHL) - configured: true","timestamp":"2026-05-23T21:10:23.348Z"}
{"level":"info","message":"Registered carrier adapter: Aramex (ARAMEX) - configured: false","timestamp":"2026-05-23T21:10:23.349Z"}
{"level":"info","message":"Registered carrier adapter: FedEx (FEDEX) - configured: true","timestamp":"2026-05-23T21:10:23.353Z"}
{"level":"info","message":"Registered carrier adapter: FedEx (FEDEX) - configured: true","timestamp":"2026-05-23T21:10:23.354Z"}
{"level":"info","message":"Registered carrier adapter: DHL (DHL) - configured: true","timestamp":"2026-05-23T21:10:23.355Z"}
{"level":"info","message":"Registered carrier adapter: Aramex (ARAMEX) - configured: false","timestamp":"2026-05-23T21:10:23.355Z"}
{"level":"info","message":"Registered carrier adapter: FedEx (FEDEX) - configured: true","timestamp":"2026-05-23T21:10:23.345Z"}
{"level":"info","message":"Registered carrier adapter: FedEx (FEDEX) - configured: true","timestamp":"2026-05-23T21:10:23.347Z"}
{"level":"info","message":"Registered carrier adapter: DHL (DHL) - configured: true","timestamp":"2026-05-23T21:10:23.348Z"}
{"level":"info","message":"Registered carrier adapter: Aramex (ARAMEX) - configured: false","timestamp":"2026-05-23T21:10:23.348Z"}
{"level":"info","message":"Starting credit reminder scheduler (hourly)","timestamp":"2026-05-23T21:10:24.743Z"}
{"level":"info","message":"Starting abandoned recovery scheduler (hourly)","timestamp":"2026-05-23T21:10:24.743Z"}
{"level":"info","message":"Registered carrier adapter: FedEx (FEDEX) - configured: true","timestamp":"2026-05-23T21:10:50.189Z"}
{"level":"info","message":"Registered carrier adapter: FedEx (FEDEX) - configured: true","timestamp":"2026-05-23T21:10:50.191Z"}
{"level":"info","message":"Registered carrier adapter: DHL (DHL) - configured: true","timestamp":"2026-05-23T21:10:50.191Z"}
{"level":"info","message":"Registered carrier adapter: Aramex (ARAMEX) - configured: false","timestamp":"2026-05-23T21:10:50.192Z"}
{"level":"info","message":"Registered carrier adapter: FedEx (FEDEX) - configured: true","timestamp":"2026-05-23T21:10:50.252Z"}
{"level":"info","message":"Registered carrier adapter: FedEx (FEDEX) - configured: true","timestamp":"2026-05-23T21:10:50.254Z"}
{"level":"info","message":"Registered carrier adapter: DHL (DHL) - configured: true","timestamp":"2026-05-23T21:10:50.254Z"}
{"level":"info","message":"Registered carrier adapter: Aramex (ARAMEX) - configured: false","timestamp":"2026-05-23T21:10:50.254Z"}
{"level":"info","message":"Registered carrier adapter: FedEx (FEDEX) - configured: true","timestamp":"2026-05-23T21:10:50.253Z"}
{"level":"info","message":"Registered carrier adapter: FedEx (FEDEX) - configured: true","timestamp":"2026-05-23T21:10:50.255Z"}
{"level":"info","message":"Registered carrier adapter: DHL (DHL) - configured: true","timestamp":"2026-05-23T21:10:50.255Z"}
{"level":"info","message":"Registered carrier adapter: Aramex (ARAMEX) - configured: false","timestamp":"2026-05-23T21:10:50.255Z"}
{"level":"info","message":"Starting credit reminder scheduler (hourly)","timestamp":"2026-05-23T21:10:51.549Z"}
{"level":"info","message":"Starting abandoned recovery scheduler (hourly)","timestamp":"2026-05-23T21:10:51.549Z"}
{"level":"info","message":"Starting credit invoice reminder processing...","timestamp":"2026-05-23T21:11:21.550Z"}
{"level":"info","message":"Found 0 credit invoices due for reminder","timestamp":"2026-05-23T21:11:21.559Z"}
{"level":"info","message":"Credit invoice reminder processing completed","timestamp":"2026-05-23T21:11:21.559Z"}
{"level":"info","message":"Registered carrier adapter: FedEx (FEDEX) - configured: true","timestamp":"2026-05-23T21:12:11.209Z"}
{"level":"info","message":"Registered carrier adapter: FedEx (FEDEX) - configured: true","timestamp":"2026-05-23T21:12:11.211Z"}
{"level":"info","message":"Registered carrier adapter: DHL (DHL) - configured: true","timestamp":"2026-05-23T21:12:11.212Z"}
{"level":"info","message":"Registered carrier adapter: Aramex (ARAMEX) - configured: false","timestamp":"2026-05-23T21:12:11.212Z"}
{"level":"info","message":"Registered carrier adapter: FedEx (FEDEX) - configured: true","timestamp":"2026-05-23T21:12:11.242Z"}
{"level":"info","message":"Registered carrier adapter: FedEx (FEDEX) - configured: true","timestamp":"2026-05-23T21:12:11.246Z"}
{"level":"info","message":"Registered carrier adapter: DHL (DHL) - configured: true","timestamp":"2026-05-23T21:12:11.247Z"}
{"level":"info","message":"Registered carrier adapter: Aramex (ARAMEX) - configured: false","timestamp":"2026-05-23T21:12:11.248Z"}
{"level":"info","message":"Registered carrier adapter: FedEx (FEDEX) - configured: true","timestamp":"2026-05-23T21:12:11.307Z"}
{"level":"info","message":"Registered carrier adapter: FedEx (FEDEX) - configured: true","timestamp":"2026-05-23T21:12:11.309Z"}
{"level":"info","message":"Registered carrier adapter: DHL (DHL) - configured: true","timestamp":"2026-05-23T21:12:11.310Z"}
{"level":"info","message":"Registered carrier adapter: Aramex (ARAMEX) - configured: false","timestamp":"2026-05-23T21:12:11.310Z"}
{"level":"info","message":"Starting credit reminder scheduler (hourly)","timestamp":"2026-05-23T21:12:12.781Z"}
{"level":"info","message":"Starting abandoned recovery scheduler (hourly)","timestamp":"2026-05-23T21:12:12.781Z"}
{"level":"info","message":"Starting credit invoice reminder processing...","timestamp":"2026-05-23T21:12:42.782Z"}
{"level":"info","message":"Found 0 credit invoices due for reminder","timestamp":"2026-05-23T21:12:42.792Z"}
{"level":"info","message":"Credit invoice reminder processing completed","timestamp":"2026-05-23T21:12:42.792Z"}
{"level":"info","message":"Registered carrier adapter: FedEx (FEDEX) - configured: true","timestamp":"2026-05-23T21:21:05.156Z"}
{"level":"info","message":"Registered carrier adapter: FedEx (FEDEX) - configured: true","timestamp":"2026-05-23T21:21:05.160Z"}
{"level":"info","message":"Registered carrier adapter: DHL (DHL) - configured: true","timestamp":"2026-05-23T21:21:05.160Z"}
{"level":"info","message":"Registered carrier adapter: Aramex (ARAMEX) - configured: false","timestamp":"2026-05-23T21:21:05.161Z"}
{"level":"info","message":"Registered carrier adapter: FedEx (FEDEX) - configured: true","timestamp":"2026-05-23T21:21:05.157Z"}
{"level":"info","message":"Registered carrier adapter: FedEx (FEDEX) - configured: true","timestamp":"2026-05-23T21:21:05.160Z"}
{"level":"info","message":"Registered carrier adapter: DHL (DHL) - configured: true","timestamp":"2026-05-23T21:21:05.161Z"}
{"level":"info","message":"Registered carrier adapter: Aramex (ARAMEX) - configured: false","timestamp":"2026-05-23T21:21:05.162Z"}
{"level":"info","message":"Registered carrier adapter: FedEx (FEDEX) - configured: true","timestamp":"2026-05-23T21:21:05.157Z"}
{"level":"info","message":"Registered carrier adapter: FedEx (FEDEX) - configured: true","timestamp":"2026-05-23T21:21:05.162Z"}
{"level":"info","message":"Registered carrier adapter: DHL (DHL) - configured: true","timestamp":"2026-05-23T21:21:05.162Z"}
{"level":"info","message":"Registered carrier adapter: Aramex (ARAMEX) - configured: false","timestamp":"2026-05-23T21:21:05.163Z"}
{"level":"info","message":"Starting credit reminder scheduler (hourly)","timestamp":"2026-05-23T21:21:10.462Z"}
{"level":"info","message":"Starting abandoned recovery scheduler (hourly)","timestamp":"2026-05-23T21:21:10.464Z"}
{"level":"info","message":"Registered carrier adapter: FedEx (FEDEX) - configured: true","timestamp":"2026-05-23T21:21:22.469Z"}
{"level":"info","message":"Registered carrier adapter: FedEx (FEDEX) - configured: true","timestamp":"2026-05-23T21:21:22.474Z"}
{"level":"info","message":"Registered carrier adapter: DHL (DHL) - configured: true","timestamp":"2026-05-23T21:21:22.475Z"}
{"level":"info","message":"Registered carrier adapter: Aramex (ARAMEX) - configured: false","timestamp":"2026-05-23T21:21:22.476Z"}
{"level":"info","message":"Registered carrier adapter: FedEx (FEDEX) - configured: true","timestamp":"2026-05-23T21:21:22.385Z"}
{"level":"info","message":"Registered carrier adapter: FedEx (FEDEX) - configured: true","timestamp":"2026-05-23T21:21:22.389Z"}
{"level":"info","message":"Registered carrier adapter: DHL (DHL) - configured: true","timestamp":"2026-05-23T21:21:22.390Z"}
{"level":"info","message":"Registered carrier adapter: Aramex (ARAMEX) - configured: false","timestamp":"2026-05-23T21:21:22.390Z"}
{"level":"info","message":"Registered carrier adapter: FedEx (FEDEX) - configured: true","timestamp":"2026-05-23T21:21:22.502Z"}
{"level":"info","message":"Registered carrier adapter: FedEx (FEDEX) - configured: true","timestamp":"2026-05-23T21:21:22.506Z"}
{"level":"info","message":"Registered carrier adapter: DHL (DHL) - configured: true","timestamp":"2026-05-23T21:21:22.511Z"}
{"level":"info","message":"Registered carrier adapter: Aramex (ARAMEX) - configured: false","timestamp":"2026-05-23T21:21:22.512Z"}
{"level":"info","message":"Starting credit reminder scheduler (hourly)","timestamp":"2026-05-23T21:21:29.486Z"}
{"level":"info","message":"Starting abandoned recovery scheduler (hourly)","timestamp":"2026-05-23T21:21:29.487Z"}
{"level":"info","message":"Registered carrier adapter: FedEx (FEDEX) - configured: true","timestamp":"2026-05-23T21:21:38.138Z"}
{"level":"info","message":"Registered carrier adapter: FedEx (FEDEX) - configured: true","timestamp":"2026-05-23T21:21:38.142Z"}
{"level":"info","message":"Registered carrier adapter: DHL (DHL) - configured: true","timestamp":"2026-05-23T21:21:38.143Z"}
{"level":"info","message":"Registered carrier adapter: Aramex (ARAMEX) - configured: false","timestamp":"2026-05-23T21:21:38.144Z"}
{"level":"info","message":"Registered carrier adapter: FedEx (FEDEX) - configured: true","timestamp":"2026-05-23T21:21:38.083Z"}
{"level":"info","message":"Registered carrier adapter: FedEx (FEDEX) - configured: true","timestamp":"2026-05-23T21:21:38.087Z"}
{"level":"info","message":"Registered carrier adapter: DHL (DHL) - configured: true","timestamp":"2026-05-23T21:21:38.088Z"}
{"level":"info","message":"Registered carrier adapter: Aramex (ARAMEX) - configured: false","timestamp":"2026-05-23T21:21:38.089Z"}
{"level":"info","message":"Registered carrier adapter: FedEx (FEDEX) - configured: true","timestamp":"2026-05-23T21:21:38.182Z"}
{"level":"info","message":"Registered carrier adapter: FedEx (FEDEX) - configured: true","timestamp":"2026-05-23T21:21:38.186Z"}
{"level":"info","message":"Registered carrier adapter: DHL (DHL) - configured: true","timestamp":"2026-05-23T21:21:38.187Z"}
{"level":"info","message":"Registered carrier adapter: Aramex (ARAMEX) - configured: false","timestamp":"2026-05-23T21:21:38.188Z"}
{"level":"info","message":"Starting credit reminder scheduler (hourly)","timestamp":"2026-05-23T21:21:41.964Z"}
{"level":"info","message":"Starting abandoned recovery scheduler (hourly)","timestamp":"2026-05-23T21:21:41.966Z"}
{"level":"info","message":"Registered carrier adapter: FedEx (FEDEX) - configured: true","timestamp":"2026-05-23T21:21:55.562Z"}
{"level":"info","message":"Registered carrier adapter: FedEx (FEDEX) - configured: true","timestamp":"2026-05-23T21:21:55.566Z"}
{"level":"info","message":"Registered carrier adapter: DHL (DHL) - configured: true","timestamp":"2026-05-23T21:21:55.567Z"}
{"level":"info","message":"Registered carrier adapter: Aramex (ARAMEX) - configured: false","timestamp":"2026-05-23T21:21:55.569Z"}
{"level":"info","message":"Registered carrier adapter: FedEx (FEDEX) - configured: true","timestamp":"2026-05-23T21:21:55.561Z"}
{"level":"info","message":"Registered carrier adapter: FedEx (FEDEX) - configured: true","timestamp":"2026-05-23T21:21:55.566Z"}
{"level":"info","message":"Registered carrier adapter: DHL (DHL) - configured: true","timestamp":"2026-05-23T21:21:55.567Z"}
{"level":"info","message":"Registered carrier adapter: Aramex (ARAMEX) - configured: false","timestamp":"2026-05-23T21:21:55.568Z"}
{"level":"info","message":"Registered carrier adapter: FedEx (FEDEX) - configured: true","timestamp":"2026-05-23T21:21:55.561Z"}
{"level":"info","message":"Registered carrier adapter: FedEx (FEDEX) - configured: true","timestamp":"2026-05-23T21:21:55.565Z"}
{"level":"info","message":"Registered carrier adapter: DHL (DHL) - configured: true","timestamp":"2026-05-23T21:21:55.566Z"}
{"level":"info","message":"Registered carrier adapter: Aramex (ARAMEX) - configured: false","timestamp":"2026-05-23T21:21:55.567Z"}
{"level":"info","message":"Starting credit reminder scheduler (hourly)","timestamp":"2026-05-23T21:22:00.402Z"}
{"level":"info","message":"Starting abandoned recovery scheduler (hourly)","timestamp":"2026-05-23T21:22:00.404Z"}
{"level":"info","message":"Registered carrier adapter: FedEx (FEDEX) - configured: true","timestamp":"2026-05-23T21:22:17.398Z"}
{"level":"info","message":"Registered carrier adapter: FedEx (FEDEX) - configured: true","timestamp":"2026-05-23T21:22:17.401Z"}
{"level":"info","message":"Registered carrier adapter: DHL (DHL) - configured: true","timestamp":"2026-05-23T21:22:17.402Z"}
{"level":"info","message":"Registered carrier adapter: Aramex (ARAMEX) - configured: false","timestamp":"2026-05-23T21:22:17.403Z"}
{"level":"info","message":"Registered carrier adapter: FedEx (FEDEX) - configured: true","timestamp":"2026-05-23T21:22:17.392Z"}
{"level":"info","message":"Registered carrier adapter: FedEx (FEDEX) - configured: true","timestamp":"2026-05-23T21:22:17.395Z"}
{"level":"info","message":"Registered carrier adapter: DHL (DHL) - configured: true","timestamp":"2026-05-23T21:22:17.395Z"}
{"level":"info","message":"Registered carrier adapter: Aramex (ARAMEX) - configured: false","timestamp":"2026-05-23T21:22:17.396Z"}
{"level":"info","message":"Registered carrier adapter: FedEx (FEDEX) - configured: true","timestamp":"2026-05-23T21:22:17.473Z"}
{"level":"info","message":"Registered carrier adapter: FedEx (FEDEX) - configured: true","timestamp":"2026-05-23T21:22:17.476Z"}
{"level":"info","message":"Registered carrier adapter: DHL (DHL) - configured: true","timestamp":"2026-05-23T21:22:17.477Z"}
{"level":"info","message":"Registered carrier adapter: Aramex (ARAMEX) - configured: false","timestamp":"2026-05-23T21:22:17.478Z"}
{"level":"info","message":"Starting credit reminder scheduler (hourly)","timestamp":"2026-05-23T21:22:20.476Z"}
{"level":"info","message":"Starting abandoned recovery scheduler (hourly)","timestamp":"2026-05-23T21:22:20.476Z"}
{"level":"info","message":"Registered carrier adapter: FedEx (FEDEX) - configured: true","timestamp":"2026-05-23T21:22:32.522Z"}
{"level":"info","message":"Registered carrier adapter: FedEx (FEDEX) - configured: true","timestamp":"2026-05-23T21:22:32.524Z"}
{"level":"info","message":"Registered carrier adapter: DHL (DHL) - configured: true","timestamp":"2026-05-23T21:22:32.525Z"}
{"level":"info","message":"Registered carrier adapter: Aramex (ARAMEX) - configured: false","timestamp":"2026-05-23T21:22:32.525Z"}
{"level":"info","message":"Registered carrier adapter: FedEx (FEDEX) - configured: true","timestamp":"2026-05-23T21:22:32.523Z"}
{"level":"info","message":"Registered carrier adapter: FedEx (FEDEX) - configured: true","timestamp":"2026-05-23T21:22:32.526Z"}
{"level":"info","message":"Registered carrier adapter: DHL (DHL) - configured: true","timestamp":"2026-05-23T21:22:32.527Z"}
{"level":"info","message":"Registered carrier adapter: Aramex (ARAMEX) - configured: false","timestamp":"2026-05-23T21:22:32.528Z"}
{"level":"info","message":"Registered carrier adapter: FedEx (FEDEX) - configured: true","timestamp":"2026-05-23T21:22:32.522Z"}
{"level":"info","message":"Registered carrier adapter: FedEx (FEDEX) - configured: true","timestamp":"2026-05-23T21:22:32.524Z"}
{"level":"info","message":"Registered carrier adapter: DHL (DHL) - configured: true","timestamp":"2026-05-23T21:22:32.525Z"}
{"level":"info","message":"Registered carrier adapter: Aramex (ARAMEX) - configured: false","timestamp":"2026-05-23T21:22:32.525Z"}
{"level":"info","message":"Starting credit reminder scheduler (hourly)","timestamp":"2026-05-23T21:22:34.727Z"}
{"level":"info","message":"Starting abandoned recovery scheduler (hourly)","timestamp":"2026-05-23T21:22:34.728Z"}
{"level":"info","message":"Starting credit invoice reminder processing...","timestamp":"2026-05-23T21:23:04.731Z"}
{"level":"info","message":"Found 0 credit invoices due for reminder","timestamp":"2026-05-23T21:23:04.742Z"}
{"level":"info","message":"Credit invoice reminder processing completed","timestamp":"2026-05-23T21:23:04.743Z"}
{"level":"info","message":"Starting credit invoice reminder processing...","timestamp":"2026-05-23T23:48:51.173Z"}
{"level":"info","message":"Found 4 credit invoices due for reminder","timestamp":"2026-05-23T23:48:51.317Z"}
{"level":"info","message":"Cleared expired idempotency records","timestamp":"2026-05-23T23:48:51.319Z"}
{"clientAccountId":"921861e2-7033-4197-83d2-3b5d1e668d04","event":"offer_expired","expiresAt":"2026-05-23T22:15:25.079Z","level":"info","message":"Abandoned recovery offer expired","recoveryId":"2a9e7c3f-7af4-4726-b53c-f4228facc7c7","shipmentId":"a4b1946e-a8de-447a-aeef-e7a2eb0f8d7c","source":"abandoned_recovery","timestamp":"2026-05-23T23:48:51.320Z"}
{"level":"info","message":"Expired 1 abandoned shipment recovery discount offer","timestamp":"2026-05-23T23:48:51.320Z"}
{"level":"info","message":"Email service not configured - SMTP credentials missing","timestamp":"2026-05-23T23:48:51.372Z"}
{"level":"info","message":"Email not sent - service not configured","subject":"OVERDUE - Shipment EZH443215997 - SAR 117.59","timestamp":"2026-05-23T23:48:51.372Z","to":"test_client_1776722397153@test.com"}
{"level":"info","message":"Sent reminder #3 for credit invoice 31d93354-c847-408f-8c9a-055d212687ff","timestamp":"2026-05-23T23:48:51.377Z"}
{"level":"info","message":"Email service not configured - SMTP credentials missing","timestamp":"2026-05-23T23:48:51.383Z"}
{"level":"info","message":"Email not sent - service not configured","subject":"OVERDUE - Shipment EZH029144905 - SAR 136.80","timestamp":"2026-05-23T23:48:51.383Z","to":"test_client_1776722397153@test.com"}
{"level":"info","message":"Sent reminder #3 for credit invoice 7eea6369-4aec-4afa-9131-706a207067f9","timestamp":"2026-05-23T23:48:51.389Z"}
{"level":"info","message":"Email service not configured - SMTP credentials missing","timestamp":"2026-05-23T23:48:51.395Z"}
{"level":"info","message":"Email not sent - service not configured","subject":"OVERDUE - Shipment EZH784395072 - SAR 117.59","timestamp":"2026-05-23T23:48:51.396Z","to":"test_client_1776722450964@test.com"}
{"level":"info","message":"Sent reminder #3 for credit invoice 37e9e02d-2897-4e77-94f2-3597693dd6cb","timestamp":"2026-05-23T23:48:51.399Z"}
{"level":"info","message":"Email service not configured - SMTP credentials missing","timestamp":"2026-05-23T23:48:51.405Z"}
{"level":"info","message":"Email not sent - service not configured","subject":"OVERDUE - Shipment EZH761363776 - SAR 136.80","timestamp":"2026-05-23T23:48:51.405Z","to":"test_client_1776722450964@test.com"}
{"level":"info","message":"Sent reminder #3 for credit invoice 37cf4cd9-3542-4389-ae9c-3a8bcbd3bf2c","timestamp":"2026-05-23T23:48:51.409Z"}
{"level":"info","message":"Credit invoice reminder processing completed","timestamp":"2026-05-23T23:48:51.409Z"}
{"level":"info","message":"Starting credit invoice reminder processing...","timestamp":"2026-05-24T03:53:21.876Z"}
{"level":"info","message":"Cleared expired idempotency records","timestamp":"2026-05-24T03:53:24.621Z"}
{"level":"info","message":"Found 0 credit invoices due for reminder","timestamp":"2026-05-24T03:53:24.633Z"}
{"level":"info","message":"Credit invoice reminder processing completed","timestamp":"2026-05-24T03:53:24.638Z"}
{"level":"info","message":"Cleared expired idempotency records","timestamp":"2026-05-24T04:53:21.905Z"}
{"level":"info","message":"Starting credit invoice reminder processing...","timestamp":"2026-05-24T04:53:22.006Z"}
{"level":"info","message":"Found 0 credit invoices due for reminder","timestamp":"2026-05-24T04:53:22.022Z"}
{"level":"info","message":"Credit invoice reminder processing completed","timestamp":"2026-05-24T04:53:22.023Z"}
{"level":"info","message":"Cleared expired idempotency records","timestamp":"2026-05-24T05:53:22.004Z"}
{"level":"info","message":"Starting credit invoice reminder processing...","timestamp":"2026-05-24T05:53:22.140Z"}
{"level":"info","message":"Found 0 credit invoices due for reminder","timestamp":"2026-05-24T05:53:22.148Z"}
{"level":"info","message":"Credit invoice reminder processing completed","timestamp":"2026-05-24T05:53:22.148Z"}
{"level":"info","message":"Starting credit invoice reminder processing...","timestamp":"2026-05-24T08:26:30.393Z"}
{"level":"info","message":"Cleared expired idempotency records","timestamp":"2026-05-24T08:26:30.574Z"}
{"level":"info","message":"Found 0 credit invoices due for reminder","timestamp":"2026-05-24T08:26:30.576Z"}
{"level":"info","message":"Credit invoice reminder processing completed","timestamp":"2026-05-24T08:26:30.576Z"}
{"level":"info","message":"Starting credit invoice reminder processing...","timestamp":"2026-05-24T09:27:37.235Z"}
{"level":"info","message":"Cleared expired idempotency records","timestamp":"2026-05-24T09:27:39.377Z"}
{"level":"info","message":"Found 0 credit invoices due for reminder","timestamp":"2026-05-24T09:27:39.381Z"}
{"level":"info","message":"Credit invoice reminder processing completed","timestamp":"2026-05-24T09:27:39.382Z"}
{"level":"info","message":"Starting credit invoice reminder processing...","timestamp":"2026-05-24T10:28:45.014Z"}
{"level":"info","message":"Cleared expired idempotency records","timestamp":"2026-05-24T10:28:47.812Z"}
{"level":"info","message":"Found 0 credit invoices due for reminder","timestamp":"2026-05-24T10:28:47.818Z"}
{"level":"info","message":"Credit invoice reminder processing completed","timestamp":"2026-05-24T10:28:47.818Z"}
{"level":"info","message":"Starting credit invoice reminder processing...","timestamp":"2026-05-24T11:29:52.803Z"}
{"level":"info","message":"Cleared expired idempotency records","timestamp":"2026-05-24T11:29:54.957Z"}
{"level":"info","message":"Found 0 credit invoices due for reminder","timestamp":"2026-05-24T11:29:54.991Z"}
{"level":"info","message":"Credit invoice reminder processing completed","timestamp":"2026-05-24T11:29:54.991Z"}
{"level":"info","message":"Starting credit invoice reminder processing...","timestamp":"2026-05-24T12:31:00.970Z"}
{"level":"info","message":"Cleared expired idempotency records","timestamp":"2026-05-24T12:31:03.074Z"}
{"level":"info","message":"Found 0 credit invoices due for reminder","timestamp":"2026-05-24T12:31:03.083Z"}
{"level":"info","message":"Credit invoice reminder processing completed","timestamp":"2026-05-24T12:31:03.084Z"}
{"level":"info","message":"Starting credit invoice reminder processing...","timestamp":"2026-05-24T13:32:03.534Z"}
{"level":"info","message":"Cleared expired idempotency records","timestamp":"2026-05-24T13:32:03.569Z"}
{"level":"info","message":"Found 0 credit invoices due for reminder","timestamp":"2026-05-24T13:32:03.590Z"}
{"level":"info","message":"Credit invoice reminder processing completed","timestamp":"2026-05-24T13:32:03.590Z"}
{"level":"info","message":"Starting credit invoice reminder processing...","timestamp":"2026-05-24T14:33:05.430Z"}
{"level":"info","message":"Cleared expired idempotency records","timestamp":"2026-05-24T14:33:05.478Z"}
{"level":"info","message":"Found 0 credit invoices due for reminder","timestamp":"2026-05-24T14:33:05.479Z"}
{"level":"info","message":"Credit invoice reminder processing completed","timestamp":"2026-05-24T14:33:05.479Z"}
{"level":"info","message":"Cleared expired idempotency records","timestamp":"2026-05-24T15:33:05.437Z"}
{"level":"info","message":"Starting credit invoice reminder processing...","timestamp":"2026-05-24T15:33:05.439Z"}
{"level":"info","message":"Found 2 credit invoices due for reminder","timestamp":"2026-05-24T15:33:05.447Z"}
{"level":"info","message":"Email service not configured - SMTP credentials missing","timestamp":"2026-05-24T15:33:05.530Z"}
{"level":"info","message":"Email not sent - service not configured","subject":"OVERDUE - Shipment EZH524774256 - SAR 117.59","timestamp":"2026-05-24T15:33:05.532Z","to":"test_client_1776525709967@test.com"}
{"level":"info","message":"Sent reminder #4 for credit invoice a9fb766e-e4ef-4666-b3fe-392ee9900671","timestamp":"2026-05-24T15:33:05.573Z"}
{"level":"info","message":"Email service not configured - SMTP credentials missing","timestamp":"2026-05-24T15:33:05.575Z"}
{"level":"info","message":"Email not sent - service not configured","subject":"OVERDUE - Shipment EZH448250231 - SAR 136.80","timestamp":"2026-05-24T15:33:05.576Z","to":"test_client_1776525709967@test.com"}
{"level":"info","message":"Sent reminder #4 for credit invoice b859ec53-15b4-410a-b402-92443aa2a19d","timestamp":"2026-05-24T15:33:05.585Z"}
{"level":"info","message":"Credit invoice reminder processing completed","timestamp":"2026-05-24T15:33:05.585Z"}
{"level":"info","message":"Registered carrier adapter: FedEx (FEDEX) - configured: true","timestamp":"2026-05-24T15:37:23.235Z"}
{"level":"info","message":"Registered carrier adapter: FedEx (FEDEX) - configured: true","timestamp":"2026-05-24T15:37:23.239Z"}
{"level":"info","message":"Registered carrier adapter: DHL (DHL) - configured: true","timestamp":"2026-05-24T15:37:23.240Z"}
{"level":"info","message":"Registered carrier adapter: Aramex (ARAMEX) - configured: false","timestamp":"2026-05-24T15:37:23.241Z"}
{"level":"info","message":"Registered carrier adapter: FedEx (FEDEX) - configured: true","timestamp":"2026-05-24T15:37:23.235Z"}
{"level":"info","message":"Registered carrier adapter: FedEx (FEDEX) - configured: true","timestamp":"2026-05-24T15:37:23.239Z"}
{"level":"info","message":"Registered carrier adapter: DHL (DHL) - configured: true","timestamp":"2026-05-24T15:37:23.240Z"}
{"level":"info","message":"Registered carrier adapter: Aramex (ARAMEX) - configured: false","timestamp":"2026-05-24T15:37:23.240Z"}
{"level":"info","message":"Registered carrier adapter: FedEx (FEDEX) - configured: true","timestamp":"2026-05-24T15:37:23.235Z"}
{"level":"info","message":"Registered carrier adapter: FedEx (FEDEX) - configured: true","timestamp":"2026-05-24T15:37:23.239Z"}
{"level":"info","message":"Registered carrier adapter: DHL (DHL) - configured: true","timestamp":"2026-05-24T15:37:23.240Z"}
{"level":"info","message":"Registered carrier adapter: Aramex (ARAMEX) - configured: false","timestamp":"2026-05-24T15:37:23.241Z"}
{"level":"info","message":"Starting credit reminder scheduler (hourly)","timestamp":"2026-05-24T15:37:26.294Z"}
{"level":"info","message":"Starting abandoned recovery scheduler (hourly)","timestamp":"2026-05-24T15:37:26.295Z"}
{"level":"info","message":"Starting credit invoice reminder processing...","timestamp":"2026-05-24T15:37:56.297Z"}
{"level":"info","message":"Found 0 credit invoices due for reminder","timestamp":"2026-05-24T15:37:56.305Z"}
{"level":"info","message":"Credit invoice reminder processing completed","timestamp":"2026-05-24T15:37:56.305Z"}
{"level":"info","message":"Starting credit invoice reminder processing...","timestamp":"2026-05-24T16:38:02.269Z"}
{"level":"info","message":"Cleared expired idempotency records","timestamp":"2026-05-24T16:38:02.302Z"}
{"level":"info","message":"Found 2 credit invoices due for reminder","timestamp":"2026-05-24T16:38:02.382Z"}
{"level":"info","message":"Email service not configured - SMTP credentials missing","timestamp":"2026-05-24T16:38:02.413Z"}
{"level":"info","message":"Email not sent - service not configured","subject":"REMINDER - Shipment EZH962432180 - SAR 117.59","timestamp":"2026-05-24T16:38:02.413Z","to":"test_client_1777132177446@test.com"}
{"level":"info","message":"Sent reminder #2 for credit invoice 57705438-7cbc-4712-90f4-85ca8e2f842c","timestamp":"2026-05-24T16:38:02.433Z"}
{"level":"info","message":"Email service not configured - SMTP credentials missing","timestamp":"2026-05-24T16:38:02.441Z"}
{"level":"info","message":"Email not sent - service not configured","subject":"REMINDER - Shipment EZH431436786 - SAR 1115.76","timestamp":"2026-05-24T16:38:02.441Z","to":"test_client_1777132177446@test.com"}
{"level":"info","message":"Sent reminder #2 for credit invoice 0a5b555e-d2f7-4100-a5c8-e251f98a57c8","timestamp":"2026-05-24T16:38:02.446Z"}
{"level":"info","message":"Credit invoice reminder processing completed","timestamp":"2026-05-24T16:38:02.446Z"}
{"level":"info","message":"Starting credit invoice reminder processing...","timestamp":"2026-05-24T18:28:48.596Z"}
{"level":"info","message":"Cleared expired idempotency records","timestamp":"2026-05-24T18:28:48.738Z"}
{"level":"info","message":"Found 0 credit invoices due for reminder","timestamp":"2026-05-24T18:28:48.749Z"}
{"level":"info","message":"Credit invoice reminder processing completed","timestamp":"2026-05-24T18:28:48.750Z"}
{"level":"info","message":"Starting credit invoice reminder processing...","timestamp":"2026-05-24T19:29:49.590Z"}
{"level":"info","message":"Cleared expired idempotency records","timestamp":"2026-05-24T19:29:49.679Z"}
{"level":"info","message":"Found 4 credit invoices due for reminder","timestamp":"2026-05-24T19:29:49.682Z"}
{"level":"info","message":"Email service not configured - SMTP credentials missing","timestamp":"2026-05-24T19:29:49.697Z"}
{"level":"info","message":"Email not sent - service not configured","subject":"OVERDUE - Shipment EZH306634742 - SAR 136.80","timestamp":"2026-05-24T19:29:49.697Z","to":"test_client_1776279793620@test.com"}
{"level":"info","message":"Sent reminder #5 for credit invoice 78208c35-528e-4500-bc23-0be4d5625be4","timestamp":"2026-05-24T19:29:49.752Z"}
{"level":"info","message":"Email service not configured - SMTP credentials missing","timestamp":"2026-05-24T19:29:49.762Z"}
{"level":"info","message":"Email not sent - service not configured","subject":"OVERDUE - Shipment EZH968095480 - SAR 117.59","timestamp":"2026-05-24T19:29:49.762Z","to":"test_client_1776279771417@test.com"}
{"level":"info","message":"Sent reminder #5 for credit invoice 03dcf13e-eef8-4254-8038-92f415a2fada","timestamp":"2026-05-24T19:29:49.768Z"}
{"level":"info","message":"Email service not configured - SMTP credentials missing","timestamp":"2026-05-24T19:29:49.779Z"}
{"level":"info","message":"Email not sent - service not configured","subject":"OVERDUE - Shipment EZH777723169 - SAR 136.80","timestamp":"2026-05-24T19:29:49.779Z","to":"test_client_1776279771417@test.com"}
{"level":"info","message":"Sent reminder #5 for credit invoice 85d9d24e-9e9b-4fad-bd81-4e661818ddfb","timestamp":"2026-05-24T19:29:49.782Z"}
{"level":"info","message":"Email service not configured - SMTP credentials missing","timestamp":"2026-05-24T19:29:49.787Z"}
{"level":"info","message":"Email not sent - service not configured","subject":"OVERDUE - Shipment EZH344957218 - SAR 117.59","timestamp":"2026-05-24T19:29:49.788Z","to":"test_client_1776279793620@test.com"}
{"level":"info","message":"Sent reminder #5 for credit invoice 03f4c71b-3beb-46c3-b245-f75b30da1205","timestamp":"2026-05-24T19:29:49.792Z"}
{"level":"info","message":"Credit invoice reminder processing completed","timestamp":"2026-05-24T19:29:49.792Z"}
{"level":"info","message":"Starting credit invoice reminder processing...","timestamp":"2026-05-24T20:30:51.596Z"}
{"level":"info","message":"Cleared expired idempotency records","timestamp":"2026-05-24T20:30:51.748Z"}
{"level":"info","message":"Found 2 credit invoices due for reminder","timestamp":"2026-05-24T20:30:51.750Z"}
{"level":"info","message":"Email service not configured - SMTP credentials missing","timestamp":"2026-05-24T20:30:51.758Z"}
{"level":"info","message":"Email not sent - service not configured","subject":"OVERDUE - Shipment EZH427934414 - SAR 117.59","timestamp":"2026-05-24T20:30:51.758Z","to":"test_client_1776800020914@test.com"}
{"level":"info","message":"Sent reminder #3 for credit invoice cc7b89f5-700e-45fc-9c09-94f56518d6bc","timestamp":"2026-05-24T20:30:51.762Z"}
{"level":"info","message":"Email service not configured - SMTP credentials missing","timestamp":"2026-05-24T20:30:51.769Z"}
{"level":"info","message":"Email not sent - service not configured","subject":"OVERDUE - Shipment EZH816029932 - SAR 136.80","timestamp":"2026-05-24T20:30:51.769Z","to":"test_client_1776800020914@test.com"}
{"level":"info","message":"Sent reminder #3 for credit invoice d9effd61-b99f-4620-ac98-b2377b78d937","timestamp":"2026-05-24T20:30:51.773Z"}
{"level":"info","message":"Credit invoice reminder processing completed","timestamp":"2026-05-24T20:30:51.773Z"}
